<?xml version="1.0" encoding="UTF-8"?>
<testsuite xmlns:xsi="http://www.w3.org/2001/XMLSchema-instance" xsi:noNamespaceSchemaLocation="https://maven.apache.org/surefire/maven-surefire-plugin/xsd/surefire-test-report-3.0.xsd" version="3.0" name="com.roulette.TestBasic" time="3.02" tests="1" errors="0" skipped="0" failures="0">
  <properties>
[...]
</properties>
  <testcase name="testFullTicketFlow" classname="com.roulette.TestBasic" time="0.63">
    <system-out><![CDATA[07:49:55.418 [main] INFO org.springframework.test.context.support.AnnotationConfigContextLoaderUtils -- Could not detect default configuration classes for test class [com.roulette.TestBasic]: TestBasic does not declare any static, non-private, non-final, nested classes annotated with @Configuration.
07:49:55.476 [main] INFO org.springframework.boot.test.context.SpringBootTestContextBootstrapper -- Found @SpringBootConfiguration com.roulette.RoulettespringApplication for test class com.roulette.TestBasic

  .   ____          _            __ _ _
 /\\ / ___'_ __ _ _(_)_ __  __ _ \ \ \ \
( ( )\___ | '_ | '_| | '_ \/ _` | \ \ \ \
 \\/  ___)| |_)| | | | | || (_| |  ) ) ) )
  '  |____| .__|_| |_|_| |_\__, | / / / /
 =========|_|==============|___/=/_/_/_/
 :: Spring Boot ::                (v3.2.0)

2025-12-20T07:49:55.680+03:00  INFO 246265 --- [roulette-spring] [           main] com.roulette.TestBasic                   : Starting TestBasic using Java 21.0.9 with PID 246265 (started by palina in /home/palina/java-bsu-2025/Babayeva/laba_adyn+dva/laba)
2025-12-20T07:49:55.681+03:00  INFO 246265 --- [roulette-spring] [           main] com.roulette.TestBasic                   : The following 1 profile is active: "test"
2025-12-20T07:49:56.076+03:00  INFO 246265 --- [roulette-spring] [           main] .s.d.r.c.RepositoryConfigurationDelegate : Bootstrapping Spring Data JPA repositories in DEFAULT mode.
2025-12-20T07:49:56.105+03:00  INFO 246265 --- [roulette-spring] [           main] .s.d.r.c.RepositoryConfigurationDelegate : Finished Spring Data repository scanning in 25 ms. Found 1 JPA repository interface.
2025-12-20T07:49:56.412+03:00  INFO 246265 --- [roulette-spring] [           main] o.s.b.w.embedded.tomcat.TomcatWebServer  : Tomcat initialized with port 0 (http)
2025-12-20T07:49:56.419+03:00  INFO 246265 --- [roulette-spring] [           main] o.apache.catalina.core.StandardService   : Starting service [Tomcat]
2025-12-20T07:49:56.420+03:00  INFO 246265 --- [roulette-spring] [           main] o.apache.catalina.core.StandardEngine    : Starting Servlet engine: [Apache Tomcat/10.1.16]
2025-12-20T07:49:56.442+03:00  INFO 246265 --- [roulette-spring] [           main] o.a.c.c.C.[Tomcat].[localhost].[/]       : Initializing Spring embedded WebApplicationContext
2025-12-20T07:49:56.443+03:00  INFO 246265 --- [roulette-spring] [           main] w.s.c.ServletWebServerApplicationContext : Root WebApplicationContext: initialization completed in 752 ms
2025-12-20T07:49:56.521+03:00  INFO 246265 --- [roulette-spring] [           main] o.hibernate.jpa.internal.util.LogHelper  : HHH000204: Processing PersistenceUnitInfo [name: default]
2025-12-20T07:49:56.557+03:00  INFO 246265 --- [roulette-spring] [           main] org.hibernate.Version                    : HHH000412: Hibernate ORM core version 6.3.1.Final
2025-12-20T07:49:56.575+03:00  INFO 246265 --- [roulette-spring] [           main] o.h.c.internal.RegionFactoryInitiator    : HHH000026: Second-level cache disabled
2025-12-20T07:49:56.684+03:00  INFO 246265 --- [roulette-spring] [           main] o.s.o.j.p.SpringPersistenceUnitInfo      : No LoadTimeWeaver setup: ignoring JPA class transformer
2025-12-20T07:49:56.696+03:00  INFO 246265 --- [roulette-spring] [           main] com.zaxxer.hikari.HikariDataSource       : HikariPool-1 - Starting...
2025-12-20T07:49:56.799+03:00  INFO 246265 --- [roulette-spring] [           main] com.zaxxer.hikari.pool.HikariPool        : HikariPool-1 - Added connection conn0: url=jdbc:h2:mem:testdb user=SA
2025-12-20T07:49:56.801+03:00  INFO 246265 --- [roulette-spring] [           main] com.zaxxer.hikari.HikariDataSource       : HikariPool-1 - Start completed.
2025-12-20T07:49:56.814+03:00  WARN 246265 --- [roulette-spring] [           main] org.hibernate.dialect.Dialect            : HHH000511: The 2.2.0 version for [org.hibernate.dialect.PostgreSQLDialect] is no longer supported, hence certain features may not work properly. The minimum supported version is 11.0.0. Check the community dialects project for available legacy versions.
2025-12-20T07:49:56.817+03:00  WARN 246265 --- [roulette-spring] [           main] org.hibernate.orm.deprecation            : HHH90000025: PostgreSQLDialect does not need to be specified explicitly using 'hibernate.dialect' (remove the property setting and it will be selected by default)
2025-12-20T07:49:57.219+03:00  INFO 246265 --- [roulette-spring] [           main] o.h.e.t.j.p.i.JtaPlatformInitiator       : HHH000489: No JTA platform available (set 'hibernate.transaction.jta.platform' to enable JTA platform integration)
Hibernate: drop table if exists tickets cascade
Hibernate: create table tickets (is_learned boolean, id bigserial not null, correct_answer varchar(255), option_a varchar(255), option_b varchar(255), option_c varchar(255), option_d varchar(255), question varchar(255), teacher_name varchar(255), primary key (id))
2025-12-20T07:49:57.236+03:00  INFO 246265 --- [roulette-spring] [           main] j.LocalContainerEntityManagerFactoryBean : Initialized JPA EntityManagerFactory for persistence unit 'default'
2025-12-20T07:49:57.389+03:00  INFO 246265 --- [roulette-spring] [           main] o.s.d.j.r.query.QueryEnhancerFactory     : Hibernate is in classpath; If applicable, HQL parser will be used.
2025-12-20T07:49:57.436+03:00  WARN 246265 --- [roulette-spring] [           main] JpaBaseConfiguration$JpaWebConfiguration : spring.jpa.open-in-view is enabled by default. Therefore, database queries may be performed during view rendering. Explicitly configure spring.jpa.open-in-view to disable this warning
2025-12-20T07:49:57.449+03:00  INFO 246265 --- [roulette-spring] [           main] o.s.b.a.w.s.WelcomePageHandlerMapping    : Adding welcome page: class path resource [static/index.html]
2025-12-20T07:49:57.679+03:00  INFO 246265 --- [roulette-spring] [           main] o.s.b.w.embedded.tomcat.TomcatWebServer  : Tomcat started on port 45709 (http) with context path ''
2025-12-20T07:49:57.683+03:00  INFO 246265 --- [roulette-spring] [           main] com.roulette.TestBasic                   : Started TestBasic in 2.139 seconds (process running for 2.69)
Hibernate: select t1_0.id,t1_0.correct_answer,t1_0.is_learned,t1_0.option_a,t1_0.option_b,t1_0.option_c,t1_0.option_d,t1_0.question,t1_0.teacher_name from tickets t1_0
Hibernate: insert into tickets (correct_answer,is_learned,option_a,option_b,option_c,option_d,question,teacher_name) values (?,?,?,?,?,?,?,?)
2025-12-20T07:49:58.206+03:00  INFO 246265 --- [roulette-spring] [o-auto-1-exec-1] o.a.c.c.C.[Tomcat].[localhost].[/]       : Initializing Spring DispatcherServlet 'dispatcherServlet'
2025-12-20T07:49:58.207+03:00  INFO 246265 --- [roulette-spring] [o-auto-1-exec-1] o.s.web.servlet.DispatcherServlet        : Initializing Servlet 'dispatcherServlet'
2025-12-20T07:49:58.207+03:00  INFO 246265 --- [roulette-spring] [o-auto-1-exec-1] o.s.web.servlet.DispatcherServlet        : Completed initialization in 0 ms
Hibernate: SELECT * FROM tickets WHERE teacher_name = ? ORDER BY RANDOM() LIMIT 1
]]></system-out>
    <system-err><![CDATA[WARNING: A Java agent has been loaded dynamically (/home/palina/.m2/repository/net/bytebuddy/byte-buddy-agent/1.14.10/byte-buddy-agent-1.14.10.jar)
WARNING: If a serviceability tool is in use, please run with -XX:+EnableDynamicAgentLoading to hide this warning
WARNING: If a serviceability tool is not in use, please run with -Djdk.instrument.traceUsage for more information
WARNING: Dynamic loading of agents will be disallowed by default in a future release
]]></system-err>
  </testcase>
</testsuite>