<?xml version="1.0" encoding="UTF-8"?>
<testsuite xmlns:xsi="http://www.w3.org/2001/XMLSchema-instance" xsi:noNamespaceSchemaLocation="https://maven.apache.org/surefire/maven-surefire-plugin/xsd/surefire-test-report-3.0.xsd" version="3.0" name="com.bsu.bank.processor.TransactionProcessorTest$ConcurrencyTests" time="1.461" tests="3" errors="0" skipped="0" failures="2">
  <properties>
[...]
</properties>
  <testcase name="submitTransaction_singleSuccess" classname="com.bsu.bank.processor.TransactionProcessorTest" time="0.328">
    <system-out><![CDATA[DBUtils: Таблица ACCOUNTS создана или уже существовала.
Submitting transaction: 87b2fba8
[SUCCESS] Transaction 87b2fba8 (DEPOSIT) for account 9fcaa039: [87b2fba8]: Deposit successful
]]></system-out>
  </testcase>
  <testcase name="submitTransaction_concurrencyTest" classname="com.bsu.bank.processor.TransactionProcessorTest$ConcurrencyTests" time="0.638">
    <failure message="Final balance must be exactly 2000.0, proving atomicity with ReentrantLock ==&gt; expected: &lt;2000.0&gt; but was: &lt;1990.0&gt;" type="org.opentest4j.AssertionFailedError"><![CDATA[org.opentest4j.AssertionFailedError: Final balance must be exactly 2000.0, proving atomicity with ReentrantLock ==> expected: <2000.0> but was: <1990.0>
	at org.junit.jupiter.api.AssertionFailureBuilder.build(AssertionFailureBuilder.java:151)
	at org.junit.jupiter.api.AssertionFailureBuilder.buildAndThrow(AssertionFailureBuilder.java:132)
	at org.junit.jupiter.api.AssertEquals.failNotEqual(AssertEquals.java:197)
	at org.junit.jupiter.api.AssertEquals.assertEquals(AssertEquals.java:86)
	at org.junit.jupiter.api.Assertions.assertEquals(Assertions.java:1020)
	at com.bsu.bank.processor.TransactionProcessorTest$ConcurrencyTests.submitTransaction_concurrencyTest(TransactionProcessorTest.java:110)
	at java.base/java.lang.reflect.Method.invoke(Method.java:565)
	at java.base/java.util.ArrayList.forEach(ArrayList.java:1604)
	at java.base/java.util.ArrayList.forEach(ArrayList.java:1604)
	at java.base/java.util.ArrayList.forEach(ArrayList.java:1604)
]]></failure>
    <system-out><![CDATA[DBUtils: Таблица ACCOUNTS очищена.
DBUtils: Таблица ACCOUNTS создана или уже существовала.
Submitting transaction: a6241b58
Submitting transaction: 79bcc653
Submitting transaction: 2b915caa
Submitting transaction: a3db76a4
Submitting transaction: 3d0be986
Submitting transaction: 4ad826b4
Submitting transaction: 0e65485e
Submitting transaction: 650e3568
Submitting transaction: 1f70da11
Submitting transaction: 64c75923
Submitting transaction: d4d1f829
Submitting transaction: 1ee6e0e7
Submitting transaction: 10ce13a3
Submitting transaction: d09cde02
Submitting transaction: 0d70d5bc
Submitting transaction: 0f7b8827
Submitting transaction: 48cc20a2
Submitting transaction: ee6fd23d
Submitting transaction: ad5d4291
Submitting transaction: 365fd87d
Submitting transaction: 825d198b
[SUCCESS] Transaction Submitting transaction: 1d729402
79bcc653 (DEPOSITSubmitting transaction: 916d3091
) for account 4c72b080: [79bcc653]: Deposit successfulSubmitting transaction: 051a8fe4

[Submitting transaction: ad4ef2a8
SUCCESS] Transaction 4ad826b4 (Submitting transaction: 7b4d2f6a
DEPOSIT) for account 4c72b080Submitting transaction: 5d7aba25
: [4ad826b4]: Deposit successful
Submitting transaction: 908b5ad6
[SUCCESS] Transaction 650e3568 (DEPOSITSubmitting transaction: d4b2ca97
) for account 4c72b080: [650e3568]: Deposit successfulSubmitting transaction: 556a8502

Submitting transaction: 86ebd107
[SUCCESS] Transaction Submitting transaction: 5c863f0c
2b915caa (DEPOSIT) for account 4c72b080: Submitting transaction: b57ada3d
[2b915caa]: Deposit successful
[Submitting transaction: ebeb058d
SUCCESS] Transaction a3db76a4Submitting transaction: 6ba9f990
 (Submitting transaction: 22b10d0d
DEPOSIT) for account 4c72b080Submitting transaction: ee66afbf
: [a3db76a4]: Deposit successful
Submitting transaction: 2c8e5b84
[SUCCESS] Transaction Submitting transaction: a70fc373
3d0be986 (Submitting transaction: e6cf1d32
DEPOSIT) for account 4c72b080: Submitting transaction: 07876f14
[3d0be986]: Deposit successful
[Submitting transaction: 0bd7ee58
SUCCESS] Transaction a6241b58 (Submitting transaction: 404f362c
DEPOSIT) for account 4c72b080: [a6241b58]: Deposit successful
Submitting transaction: afbc238c
[SUCCESSSubmitting transaction: 8a952593
] Transaction 10ce13a3 (DEPOSITSubmitting transaction: 7c7e8ad4
) for account 4c72b080: [10ce13a3]: Deposit successfulSubmitting transaction: 474f5f66

[Submitting transaction: 17823cb4
SUCCESS] Transaction 0e65485e (Submitting transaction: 9f571477
DEPOSIT) for account 4c72b080: Submitting transaction: 5a31a5ff
[0e65485e]: Deposit successful
Submitting transaction: b8a88928
Submitting transaction: 71b49a48
Submitting transaction: 6a8647ad
Submitting transaction: 777e561d
Submitting transaction: 5d1fc619
Submitting transaction: 6191021c
[SUCCESSSubmitting transaction: 5a0bbbc7
] Transaction 1f70da11 (DEPOSIT) for account 4c72b080: [1f70da11]: Deposit successful
Submitting transaction: 4d412935
Submitting transaction: 5ec50c22
[SUCCESS] Transaction Submitting transaction: bc89b587
64c75923 (DEPOSIT) for account Submitting transaction: f1ed0b28
4c72b080: [64c75923]: Deposit successful
Submitting transaction: 26536ea7
Submitting transaction: 44a2777d
[SUCCESS] Transaction 0d70d5bc (DEPOSIT) for account Submitting transaction: bda277be
4c72b080: [0d70d5bc]: Deposit successful
Submitting transaction: 096cb884
Submitting transaction: 2d9597f4
Submitting transaction: b469fe77
Submitting transaction: 5eb53a9f
[Submitting transaction: 1fd2add4
SUCCESS] Transaction d4d1f829 (Submitting transaction: d529f422
DEPOSIT) for account 4c72b080: Submitting transaction: a6e30da7
[d4d1f829]: Deposit successful
Submitting transaction: 80fa1e97
[SUCCESS] Transaction 1ee6e0e7 (DEPOSIT) for account 4c72b080: Submitting transaction: a2818d0b
[1ee6e0e7]: Deposit successful
Submitting transaction: 6407a2f0
Submitting transaction: 163bf114
Submitting transaction: fa218df8
Submitting transaction: 4cc5b247
Submitting transaction: 2664facb
Submitting transaction: 1330c8ab
Submitting transaction: 49e1242f
[SUCCESS] Transaction 0f7b8827 (Submitting transaction: 880b1cb7
DEPOSIT) for account 4c72b080: [0f7b8827]: Deposit successful
Submitting transaction: 8ca5b968
Submitting transaction: d8ea705b
Submitting transaction: fa25a276
[SUCCESSSubmitting transaction: 31c2a317
] Transaction d09cde02 (DEPOSITSubmitting transaction: 36a0a3d5
) for account 4c72b080: Submitting transaction: 8d66ff18
[d09cde02]: Deposit successful
Submitting transaction: 94204609
Submitting transaction: 248afccf
Submitting transaction: 2749fc24
[SUCCESS] Transaction Submitting transaction: 9521f794
48cc20a2 (DEPOSIT) for account 4c72b080: [48cc20a2]: Deposit successful
Submitting transaction: fc80edf3
Submitting transaction: 8698be5b
Submitting transaction: c6313831
Submitting transaction: c0bc8749
Submitting transaction: 94a00f32
Submitting transaction: b203870d
Submitting transaction: 8c577c3b
Submitting transaction: ee6f1a43
Submitting transaction: 5c108e34
Submitting transaction: c16dce70
Submitting transaction: b1029acf
Submitting transaction: fa855376
Submitting transaction: 37b3ec4b
Submitting transaction: 9c85261d
[Submitting transaction: 6e5f8415
SUCCESSSubmitting transaction: c9d285f4
] Transaction ee6fd23dSubmitting transaction: c7ce29bf
 (Submitting transaction: 63f7fe07
DEPOSIT) for account Submitting transaction: 3f6fd03b
4c72b080Submitting transaction: 8ac29a47
: [ee6fd23d]: Deposit successfulSubmitting transaction: 08bfdfe7

Submitting transaction: 5b05a6df
Submitting transaction: aefe93b9
Submitting transaction: a3b65395
Submitting transaction: 74a1590f
Submitting transaction: d249f058
Submitting transaction: 2de6b0f2
Submitting transaction: dbda64df
Submitting transaction: 54f64027
Submitting transaction: c45335ec
Submitting transaction: 1fcadf9a
Submitting transaction: ecea39ea
Submitting transaction: 923f12df
Submitting transaction: 7e64669f
Submitting transaction: ad33c9d8
Submitting transaction: 66cb7835
Submitting transaction: b1bd6eff
Submitting transaction: fae89b4d
Submitting transaction: e6f1e749
Submitting transaction: bccc01fe
Submitting transaction: 8e5b717a
[Submitting transaction: e395d204
SUCCESSSubmitting transaction: 6f01632c
] Transaction ad5d4291Submitting transaction: 6a08faa5
 (DEPOSITSubmitting transaction: 3b89afb0
) for account 4c72b080Submitting transaction: c0dd8912
: Submitting transaction: b5d87a5a
[ad5d4291]: Deposit successfulSubmitting transaction: 8d9d514b

Submitting transaction: f498302d
Submitting transaction: 0a4bb7fe
Submitting transaction: 9d549ca4
Submitting transaction: 010ae894
Submitting transaction: e3185f21
Submitting transaction: 49475dac
Submitting transaction: b9b699a9
Submitting transaction: 4fd648df
Submitting transaction: 63c602bb
Submitting transaction: f9fd518b
Submitting transaction: c1eda057
Submitting transaction: 5613edd6
Submitting transaction: ab01ffe3
Submitting transaction: 8efe7f85
Submitting transaction: f66cce46
Submitting transaction: 5366a546
Submitting transaction: 58965be1
Submitting transaction: 0ef5cc96
Submitting transaction: 666e5755
Submitting transaction: 65db4b98
[Submitting transaction: 1baeb81a
SUCCESSSubmitting transaction: 061616bf
] Transaction 365fd87dSubmitting transaction: 8bb05c4e
 (Submitting transaction: cb214a7e
DEPOSIT) for account Submitting transaction: 80ecd09a
4c72b080Submitting transaction: 69dfd2df
: Submitting transaction: cdc94b26
[365fd87d]: Deposit successful
Submitting transaction: 5d45e5f3
Submitting transaction: 8b06cf73
Submitting transaction: 12ee7b4d
Submitting transaction: 7aa838f9
Submitting transaction: be565dbe
Submitting transaction: 31e0b47d
Submitting transaction: 63b9d888
Submitting transaction: 3dcc2bef
Submitting transaction: 2abf5bf0
Submitting transaction: a1834678
Submitting transaction: ddf31474
Submitting transaction: 5ef714ec
Submitting transaction: cc7ebfed
Submitting transaction: f47401a9
Submitting transaction: 6dddeb6b
Submitting transaction: 94895d27
Submitting transaction: f3386d13
Submitting transaction: 6a798d09
Submitting transaction: 28822d65
Submitting transaction: 8c0ceb50
Submitting transaction: e50316ff
[SUCCESSSubmitting transaction: 1bab9a93
] Transaction Submitting transaction: 926cd4a4
825d198b (Submitting transaction: 7c1e91af
DEPOSIT) for account Submitting transaction: 9474becf
4c72b080Submitting transaction: badf15f8
: Submitting transaction: ef92bf57
[825d198b]: Deposit successful
Submitting transaction: 70049622
Submitting transaction: be42f0f7
Submitting transaction: 29794c6f
Submitting transaction: 0aed8dbb
Submitting transaction: 5794ca77
Submitting transaction: fb5725a3
Submitting transaction: c19eaddf
Submitting transaction: 0f3e1f68
Submitting transaction: df6f7b59
Submitting transaction: b2b6063a
Submitting transaction: 9e31f6cc
Submitting transaction: 4e95dbcb
Submitting transaction: f3ff994d
Submitting transaction: 0d1c1839
Submitting transaction: 227fc4a9
Submitting transaction: 904ad5f6
Submitting transaction: 7386bcc0
Submitting transaction: e49d80ce
Submitting transaction: 9ba6f5d7
Submitting transaction: 97139b72
Submitting transaction: b01479a9
[Submitting transaction: 93cd5bfe
SUCCESSSubmitting transaction: d479051c
] Transaction 1d729402Submitting transaction: 164688e1
 (Submitting transaction: 53b5fb20
DEPOSITSubmitting transaction: 91970fc9
) for account Submitting transaction: 138bfc6f
4c72b080: Submitting transaction: 2f4409a1
[1d729402]: Deposit successfulSubmitting transaction: 6255cae5

Submitting transaction: 692ff402
Submitting transaction: 02b1b068
Submitting transaction: fe5bf64d
Submitting transaction: 3ef1fe7b
Submitting transaction: 3d3373a7
Submitting transaction: 12f82a4c
Submitting transaction: f54b483a
Submitting transaction: c4b8b9c7
Submitting transaction: 4ceb7c4a
Submitting transaction: 9874a7f2
Submitting transaction: be824a98
[Submitting transaction: b794a275
SUCCESSSubmitting transaction: db52709b
] Transaction 916d3091 (DEPOSITSubmitting transaction: d6c63cc1
) for account 4c72b080: Submitting transaction: d8e0363f
[916d3091]: Deposit successful
Submitting transaction: 4eb0e9eb
Submitting transaction: 1ceb6f0c
Submitting transaction: fd16ed5e
Submitting transaction: 68a5feb8
Submitting transaction: 44d43e8b
Submitting transaction: 6c6eb8d3
Submitting transaction: 32521bba
Submitting transaction: 1f7b302a
Submitting transaction: d7306bc6
Submitting transaction: c4402730
Submitting transaction: c0d20cdc
Submitting transaction: c53c8e9b
Submitting transaction: 6ec27dd6
Submitting transaction: 037d4b35
Submitting transaction: c62d7815
Submitting transaction: cd0e6635
Submitting transaction: 9f89f4cb
Submitting transaction: 76dd5f28
Submitting transaction: 04b5b8cb
Submitting transaction: 7cdf9d50
Submitting transaction: e9fdbb9f
Submitting transaction: 6e946f10
Submitting transaction: dbde023e
Submitting transaction: 1f610ca6
Submitting transaction: 5a2688b7
[Submitting transaction: f5cb5159
SUCCESS] Transaction 051a8fe4Submitting transaction: b5c869cd
 (Submitting transaction: 93849e01
DEPOSIT) for account Submitting transaction: c3009d4a
4c72b080Submitting transaction: 1d146f8e
: [051a8fe4]: Deposit successful
Submitting transaction: f92fca2f
Submitting transaction: 0505630f
Submitting transaction: 4bfb4e04
Submitting transaction: dc5d693d
Submitting transaction: 2ce1a47f
Submitting transaction: 52dde05f
Submitting transaction: c80ab087
Submitting transaction: 7aaa2da4
Submitting transaction: 1fff48c0
Submitting transaction: e7f10861
Submitting transaction: 54242b0b
Submitting transaction: 2e47fb97
Submitting transaction: c3fd5c66
Submitting transaction: fd88524e
Submitting transaction: 00823cb4
Submitting transaction: 58d3eb21
Submitting transaction: 68eaa16a
Submitting transaction: 8cad7215
Submitting transaction: d353ca04
Submitting transaction: c16540b4
Submitting transaction: 09088119
Submitting transaction: 5f2e1f5d
Submitting transaction: e59f60a9
Submitting transaction: e89bd16d
Submitting transaction: 4f096a63
[Submitting transaction: 384bf3a9
SUCCESSSubmitting transaction: 463ff0ac
] Transaction Submitting transaction: 570d0391
ad4ef2a8Submitting transaction: 936e612d
 (Submitting transaction: d00a959f
DEPOSIT) for account Submitting transaction: e777fb7a
4c72b080: Submitting transaction: 6ed3c143
[ad4ef2a8]: Deposit successfulSubmitting transaction: e8621181

Submitting transaction: f7fcfc90
Submitting transaction: 9668929e
Submitting transaction: e6d4d73a
Submitting transaction: abfcae33
Submitting transaction: bd4074e4
Submitting transaction: 2bb84a5c
Submitting transaction: 4d108bc1
Submitting transaction: b1c49e0e
Submitting transaction: b2c1d133
Submitting transaction: dd80f6fb
Submitting transaction: 52883849
Submitting transaction: 95113460
Submitting transaction: d8651728
Submitting transaction: fdf5f747
Submitting transaction: 3a36979a
Submitting transaction: cc68fa33
Submitting transaction: 0bcb7c5c
Submitting transaction: 755d8f91
Submitting transaction: f2235e7b
Submitting transaction: c4bddbbe
Submitting transaction: 995dbc8d
Submitting transaction: e6a35923
Submitting transaction: c2d734b2
Submitting transaction: aa2a795d
Submitting transaction: d46112a7
Submitting transaction: a591c7ca
Submitting transaction: df08b222
Submitting transaction: f7a741c3
[Submitting transaction: d0bf8df8
SUCCESSSubmitting transaction: 448ad1ce
] Transaction 7b4d2f6aSubmitting transaction: 08d84db2
 (DEPOSITSubmitting transaction: d0435cd5
) for account Submitting transaction: b351b1e7
4c72b080Submitting transaction: e3143504
: [7b4d2f6a]: Deposit successful
Submitting transaction: f86d54d6
Submitting transaction: 8fbfd723
Submitting transaction: 1fd55ced
Submitting transaction: 3b4da01d
Submitting transaction: 57ce1322
Submitting transaction: 32049c29
Submitting transaction: d3cb8d2c
Submitting transaction: e39f2e87
Submitting transaction: 930f2cbe
Submitting transaction: 568ed6b4
Submitting transaction: bb88c184
Submitting transaction: d8873307
Submitting transaction: c1e743a4
Submitting transaction: 42ce1867
Submitting transaction: 56e2d336
Submitting transaction: 66569271
Submitting transaction: d16a98c4
Submitting transaction: 0fb8380d
Submitting transaction: aa5db3a5
Submitting transaction: c34a1bf9
Submitting transaction: b70c55a9
Submitting transaction: e4bc96b8
Submitting transaction: 0080ea48
Submitting transaction: 8cdf7e49
[Submitting transaction: 261e2cd0
SUCCESS] Transaction Submitting transaction: fc62a939
5d7aba25 (Submitting transaction: 8c388aaf
DEPOSITSubmitting transaction: 78be36c7
) for account Submitting transaction: daf029d3
4c72b080Submitting transaction: a075d4a0
: [5d7aba25]: Deposit successfulSubmitting transaction: 92c2712e

Submitting transaction: f9bc42ba
Submitting transaction: b1ef0f83
Submitting transaction: 575f1a7b
Submitting transaction: 1fdfe8ed
Submitting transaction: 3102245c
Submitting transaction: 0c28ba7c
Submitting transaction: c7b62a23
Submitting transaction: c3fd9124
Submitting transaction: dd27d57c
Submitting transaction: 00c6ff3c
Submitting transaction: 04c2f868
Submitting transaction: cd43c549
Submitting transaction: dc91171c
Submitting transaction: 306751a4
Submitting transaction: f5119d39
Submitting transaction: 3ae05fdd
Submitting transaction: 45cfe37c
Submitting transaction: 9a21e10e
Submitting transaction: e64a9af8
Submitting transaction: 3a3cc72b
Submitting transaction: c73f45bd
Submitting transaction: 441d7372
[Submitting transaction: d9d02048
SUCCESSSubmitting transaction: fb953c51
Submitting transaction: 4f865493
Submitting transaction: 7e8d8cf8
] Transaction Submitting transaction: 2936a19d
908b5ad6Submitting transaction: d5cdc97e
Submitting transaction: 48232e00
 (DEPOSITSubmitting transaction: fd3eda7e
) for account 4c72b080Submitting transaction: 8643c091
: [908b5ad6]: Deposit successfulSubmitting transaction: e22da9fd

Submitting transaction: 5c09df89
Submitting transaction: 636131e6
Submitting transaction: 3512ace2
Submitting transaction: b97403f7
Submitting transaction: 1bebbbcb
Submitting transaction: aa2a5c3f
Submitting transaction: 7a036f66
Submitting transaction: 4382cf4e
Submitting transaction: 1b3fc653
Submitting transaction: faa461ba
Submitting transaction: 407f5a55
Submitting transaction: 64d997c3
Submitting transaction: 4a7aef6c
Submitting transaction: d91987e2
Submitting transaction: 93dcf065
Submitting transaction: 51904241
Submitting transaction: 2b108874
Submitting transaction: d46cafbe
Submitting transaction: 07edf723
Submitting transaction: d9079a12
Submitting transaction: 9b468da5
Submitting transaction: 9a21a785
Submitting transaction: f70aa8fb
Submitting transaction: c543ecf1
Submitting transaction: 720d3f38
Submitting transaction: 176d9c35
Submitting transaction: ac50b8b4
Submitting transaction: 0fae3a2e
Submitting transaction: 4d66882a
Submitting transaction: a3976985
Submitting transaction: 155175c0
Submitting transaction: f8bcd535
Submitting transaction: 63708cab
Submitting transaction: 05aa111f
Submitting transaction: 5ed9e1af
Submitting transaction: b6a67f28
Submitting transaction: 3fcda94a
Submitting transaction: aaaf3daa
Submitting transaction: 3ddda88b
Submitting transaction: 7c8bcea3
Submitting transaction: 9a37c68b
[Submitting transaction: 1611fb83
SUCCESSSubmitting transaction: 4eaba521
] Transaction Submitting transaction: a5ceadb9
d4b2ca97Submitting transaction: dc535fbf
 (DEPOSITSubmitting transaction: 52fffd35
) for account Submitting transaction: 70844833
4c72b080Submitting transaction: 16ca4f62
: Submitting transaction: 43434c6f
[d4b2ca97]: Deposit successful
Submitting transaction: 27c59030
Submitting transaction: 94ea7d96
Submitting transaction: ccd96a5c
Submitting transaction: a26679fa
Submitting transaction: ee357835
Submitting transaction: f641fa11
Submitting transaction: 35b9f2a2
Submitting transaction: 3ad8cee2
Submitting transaction: 1f7a0523
Submitting transaction: ed1237ed
Submitting transaction: 16a5b74f
Submitting transaction: 27748a6b
Submitting transaction: 149360cf
Submitting transaction: 9a14dd17
Submitting transaction: 0e4e4a5e
Submitting transaction: 3306e8c2
Submitting transaction: 25c2e9b8
Submitting transaction: 0e15e280
Submitting transaction: 434fb4af
Submitting transaction: f45eeea8
Submitting transaction: 813f6f4f
[SUCCESSSubmitting transaction: aade0618
] Transaction 556a8502 (DEPOSIT) for account 4c72b080: [556a8502]: Deposit successful
Submitting transaction: 7da83dbb
Submitting transaction: 7196a09a
Submitting transaction: fe02ef91
Submitting transaction: 6c313008
Submitting transaction: fb45ba5e
Submitting transaction: d0c4d067
Submitting transaction: d85d43e4
Submitting transaction: 4e77149d
Submitting transaction: 0b2b22cb
Submitting transaction: 58cf7600
Submitting transaction: 55573fed
Submitting transaction: a2665c7f
Submitting transaction: ef3a05e3
Submitting transaction: cc73696e
Submitting transaction: 03ffc9e4
Submitting transaction: 5ccf263c
Submitting transaction: 93f01279
Submitting transaction: 32ccc25d
Submitting transaction: 77709eca
Submitting transaction: 33472453
Submitting transaction: 3ccd79d8
Submitting transaction: 971db3e7
Submitting transaction: 4cc54049
Submitting transaction: 41f2b2e9
Submitting transaction: 317c3768
Submitting transaction: 15ebbc7f
Submitting transaction: 41174e11
Submitting transaction: a8e42955
Submitting transaction: b17552f0
Submitting transaction: 64ecc0cc
Submitting transaction: e6e80d4b
Submitting transaction: d8da1bce
Submitting transaction: f77b8e14
Submitting transaction: c2271291
Submitting transaction: e43dea55
Submitting transaction: 528a0d4a
Submitting transaction: 7b600720
Submitting transaction: 66aa04fd
Submitting transaction: 2e984fd3
[Submitting transaction: 5dd73976
SUCCESSSubmitting transaction: 2f70f2cd
] Transaction 86ebd107Submitting transaction: e8c6caeb
 (DEPOSIT) for account 4c72b080Submitting transaction: d0526fea
: [86ebd107]: Deposit successful
Submitting transaction: 5c93feb9
Submitting transaction: 082ea798
Submitting transaction: 396a62ac
Submitting transaction: f888519c
Submitting transaction: c8cfcef1
Submitting transaction: 80b52e75
Submitting transaction: 5f9edf4c
Submitting transaction: 565e727e
Submitting transaction: f1c32bf7
Submitting transaction: 419eafe0
Submitting transaction: cbf6c105
Submitting transaction: 040e38f3
Submitting transaction: 4c0a0575
Submitting transaction: d0dab5e4
Submitting transaction: 2c7a9a0c
Submitting transaction: 6f00c091
Submitting transaction: 165af124
Submitting transaction: 0e3a7c2e
Submitting transaction: b5301889
Submitting transaction: ebf1c6ab
Submitting transaction: d91f324a
Submitting transaction: ef4cbb5c
Submitting transaction: b0ded19a
Submitting transaction: 889aae7a
Submitting transaction: fd4d09c0
Submitting transaction: 37a8b8f2
[Submitting transaction: e2f8693c
Submitting transaction: 149ba63d
SUCCESS] Transaction Submitting transaction: 065ae4e3
5c863f0cSubmitting transaction: fd098ca3
 (Submitting transaction: ddd25b63
DEPOSITSubmitting transaction: 844c1bed
) for account 4c72b080Submitting transaction: 81ce484c
: Submitting transaction: b4c5eb60
[5c863f0c]: Deposit successfulSubmitting transaction: 64214402

Submitting transaction: 45f38fae
Submitting transaction: 6d9b30c9
Submitting transaction: 2ac80ce3
Submitting transaction: afd0b392
Submitting transaction: b6132296
Submitting transaction: 7657663e
Submitting transaction: 7d239585
Submitting transaction: d718620e
Submitting transaction: f1f5d93b
Submitting transaction: 218fa9df
Submitting transaction: 7b399b98
Submitting transaction: a9622ff9
Submitting transaction: 11da1070
Submitting transaction: 43ffa028
Submitting transaction: 135b4b77
Submitting transaction: a4d494ab
Submitting transaction: a6d0b271
Submitting transaction: 41e4b93d
Submitting transaction: 6aa74376
Submitting transaction: 857c4ee2
Submitting transaction: 7f704a0a
Submitting transaction: 69e9e6ef
Submitting transaction: e48ef2b7
Submitting transaction: f86ca6e6
Submitting transaction: 6735157c
[Submitting transaction: e9e05998
SUCCESS] Transaction b57ada3dSubmitting transaction: dbd337f1
 (DEPOSITSubmitting transaction: d8ee1412
) for account Submitting transaction: 8312a4e7
Submitting transaction: b7283f07
4c72b080: Submitting transaction: 1fa72710
[b57ada3d]: Deposit successfulSubmitting transaction: 931fa5df

Submitting transaction: 59792f00
Submitting transaction: 53eb5d5a
Submitting transaction: 65a4ee2a
Submitting transaction: fca62f7b
Submitting transaction: fd1f7674
Submitting transaction: 35f019ee
Submitting transaction: bd0c1f47
Submitting transaction: 7a1325d3
Submitting transaction: b9a78637
Submitting transaction: 7ce97a1c
Submitting transaction: 2fcc0b89
Submitting transaction: 276f6517
Submitting transaction: b8012b9e
Submitting transaction: a553660e
Submitting transaction: 0192b06a
Submitting transaction: 638892b8
Submitting transaction: 2e54bcf4
Submitting transaction: c72127d7
Submitting transaction: b19e1609
Submitting transaction: d25e666e
Submitting transaction: e31d1629
Submitting transaction: 7a9ca91c
Submitting transaction: 0d55479d
Submitting transaction: 358d106f
Submitting transaction: 12ee7a14
Submitting transaction: 69e5c98b
Submitting transaction: 42fc5f0d
Submitting transaction: 541ef910
Submitting transaction: 60836212
[SUCCESSSubmitting transaction: 4d857e5d
] Transaction ebeb058d (Submitting transaction: b1d97546
DEPOSIT) for account Submitting transaction: 63ee5688
4c72b080: [ebeb058d]: Deposit successfulSubmitting transaction: ceacf539

Submitting transaction: 58b1a716
Submitting transaction: 008c2f1b
Submitting transaction: a2d61e99
Submitting transaction: 8cc5375c
Submitting transaction: ba17e9f2
Submitting transaction: 591ad58f
Submitting transaction: c17dbf0b
Submitting transaction: fb3a75e3
Submitting transaction: 646a6bf7
Submitting transaction: c84fb176
Submitting transaction: 8bae79a9
Submitting transaction: b3c085cf
Submitting transaction: 1bb9d4ec
Submitting transaction: 46c58340
Submitting transaction: 30fb2026
Submitting transaction: 3c4a2c9c
Submitting transaction: b696fd29
Submitting transaction: 99c084f4
Submitting transaction: a6e61bff
Submitting transaction: 3afa7990
Submitting transaction: 6278105c
Submitting transaction: 6f1e5c51
Submitting transaction: 9032fa33
Submitting transaction: f8c77a80
Submitting transaction: c23c691c
Submitting transaction: 30568019
Submitting transaction: 351ba5e0
Submitting transaction: 62b41359
Submitting transaction: 2c7856d1
Submitting transaction: ed1c730d
[Submitting transaction: d93d2c00
SUCCESS] Transaction 7c7e8ad4Submitting transaction: 9b278321
 (DEPOSIT) for account 4c72b080: [7c7e8ad4]: Deposit successful
Submitting transaction: fa6b4327
Submitting transaction: 5dd34ac5
Submitting transaction: fe45bb1a
Submitting transaction: ba565cc4
Submitting transaction: f56b8147
Submitting transaction: 3148cd8d
Submitting transaction: 49ea3a26
Submitting transaction: 6719502b
Submitting transaction: ff33d820
Submitting transaction: 902bc386
Submitting transaction: c4641bb0
Submitting transaction: 9a913605
Submitting transaction: 51cba6a1
Submitting transaction: 623df67a
Submitting transaction: 00ee95d8
Submitting transaction: 7e6a1124
Submitting transaction: 26b31330
Submitting transaction: 476939fc
Submitting transaction: dfefe43a
Submitting transaction: 30a5f643
Submitting transaction: 70a2027d
Submitting transaction: 84ab563d
Submitting transaction: 7641d19f
Submitting transaction: 1cb4655f
Submitting transaction: 083d0dc1
Submitting transaction: 455988fa
Submitting transaction: abc27a22
Submitting transaction: 25517d28
Submitting transaction: de5879fa
Submitting transaction: fadcd5a7
Submitting transaction: 0e1ae580
Submitting transaction: bea1ba1f
Submitting transaction: 222ee905
Submitting transaction: 6914d947
Submitting transaction: 25fb4a98
Submitting transaction: 70a2196e
Submitting transaction: 81dd18db
Submitting transaction: 8ef1382d
Submitting transaction: 3eb1961c
Submitting transaction: 8a170cee
Submitting transaction: c1bab842
Submitting transaction: a1963a40
Submitting transaction: 59df8d91
Submitting transaction: e0096c17
Submitting transaction: 9d40230b
Submitting transaction: a9f71914
Submitting transaction: 7492e19c
Submitting transaction: 9bed5b7e
[SUCCESS] Transaction 6ba9f990 (DEPOSIT) for account 4c72b080: [6ba9f990]: Deposit successful
Submitting transaction: cc7d0719
Submitting transaction: af3a11d6
Submitting transaction: 6b39bf07
Submitting transaction: de38ffef
Submitting transaction: 71807d6c
Submitting transaction: 4a912010
Submitting transaction: 781a18b9
Submitting transaction: 8677f857
Submitting transaction: 2bbc10ef
Submitting transaction: 5bc51c97
Submitting transaction: b79d7c52
Submitting transaction: 8d805ad4
Submitting transaction: 88e9b2ff
Submitting transaction: ed415c1a
Submitting transaction: afc9ad15
Submitting transaction: 6843c7d9
Submitting transaction: b9536d50
Submitting transaction: 1660876c
Submitting transaction: e0a3b12e
[SUCCESSSubmitting transaction: 558f941e
] Transaction 17823cb4 (DEPOSIT) for account 4c72b080: [17823cb4]: Deposit successful
Submitting transaction: e259b17e
Submitting transaction: 229db567
Submitting transaction: 84893640
Submitting transaction: 5b5f7877
Submitting transaction: 8a2e60df
Submitting transaction: cd7c8398
Submitting transaction: 8fefcf03
Submitting transaction: a77b075f
Submitting transaction: 1e13584c
Submitting transaction: 586fba2f
[SUCCESS] Transaction Submitting transaction: a7f9bf32
22b10d0d (DEPOSIT) for account 4c72b080Submitting transaction: b141a6bc
: [22b10d0d]: Deposit successful
Submitting transaction: f6e8f992
Submitting transaction: 2730da5d
Submitting transaction: 08ab80e9
Submitting transaction: 5edec409
Submitting transaction: ed37c24f
Submitting transaction: fb183ed6
Submitting transaction: 69a0e975
Submitting transaction: d7606733
Submitting transaction: 46e06f8a
Submitting transaction: 0ca2dfb2
Submitting transaction: be4d83dd
Submitting transaction: b8bd8f86
Submitting transaction: a739f5a7
Submitting transaction: ba02c183
Submitting transaction: 1a67a778
Submitting transaction: 88b7ee7c
Submitting transaction: 43c82bf5
Submitting transaction: 15a8771b
Submitting transaction: 8ed3440c
Submitting transaction: d7c5a2e7
Submitting transaction: efa9a211
Submitting transaction: e8cb32be
Submitting transaction: 24767fb7
Submitting transaction: 81adf80e
Submitting transaction: b00e2748
Submitting transaction: 2cd8083e
Submitting transaction: 8005b306
Submitting transaction: 29d1cbcc
[Submitting transaction: 678af587
SUCCESS] Transaction ee66afbf (DEPOSITSubmitting transaction: 6204744a
) for account 4c72b080: [ee66afbf]: Deposit successful
Submitting transaction: 1ebcca5e
Submitting transaction: 4bc45140
Submitting transaction: 3362c614
Submitting transaction: a340efa3
Submitting transaction: 7d1aa238
Submitting transaction: 17e44b95
Submitting transaction: cace7b1f
Submitting transaction: cd14b081
Submitting transaction: 18158add
Submitting transaction: 8b99d406
Submitting transaction: 4a153ea9
Submitting transaction: e1f4e73b
Submitting transaction: d8fb0a99
Submitting transaction: 3b6ceed7
Submitting transaction: 3574036f
Submitting transaction: 5ea9ed05
Submitting transaction: 288ca707
Submitting transaction: 6d2caaa5
Submitting transaction: 94f277a3
Submitting transaction: e4b9ef72
Submitting transaction: 73cf6572
Submitting transaction: 368ccb08
Submitting transaction: 5dfd5b2c
Submitting transaction: 9a569f03
Submitting transaction: 1a974fa9
Submitting transaction: 306ea08b
Submitting transaction: 8c915765
Submitting transaction: 10b429e6
Submitting transaction: 889fce97
Submitting transaction: c65f6dbf
Submitting transaction: 9121b785
Submitting transaction: 6ec120a6
Submitting transaction: 1d8b04b7
Submitting transaction: 554d03a2
Submitting transaction: 3eac728f
[Submitting transaction: ff86962d
SUCCESS] Transaction b8a88928Submitting transaction: 69e97b29
 (Submitting transaction: 1ea3bfd3
DEPOSIT) for account 4c72b080: [b8a88928]: Deposit successfulSubmitting transaction: f90c82ab

Submitting transaction: 23657493
Submitting transaction: 73aa606b
Submitting transaction: 3c85706b
Submitting transaction: 9e5d89f3
Submitting transaction: b450bbb2
Submitting transaction: 3388d5b0
Submitting transaction: efac427f
Submitting transaction: ea1b826f
Submitting transaction: 229f0190
Submitting transaction: eeccf1c5
Submitting transaction: b0996047
Submitting transaction: 4c046a08
Submitting transaction: e17a79c7
Submitting transaction: 8b35d659
Submitting transaction: 9b5cd4b2
Submitting transaction: c7b84ef9
Submitting transaction: a40bfd5b
Submitting transaction: 01f1f9f2
Submitting transaction: 7ec93f46
Submitting transaction: f0664485
Submitting transaction: 0b0baf2a
Submitting transaction: 3070ccfb
Submitting transaction: c2e4f161
Submitting transaction: 6f31fe11
Submitting transaction: 74b6d412
Submitting transaction: 0e9a895c
Submitting transaction: 8a995bb2
Submitting transaction: f74b1ba5
Submitting transaction: 6ffc7a15
Submitting transaction: f0c80733
Submitting transaction: 57b9a7f9
Submitting transaction: d70c28b2
Submitting transaction: 04ea484c
Submitting transaction: 1a47a53f
Submitting transaction: 38f300a7
Submitting transaction: 9bbe9e40
Submitting transaction: d8e2fc3c
Submitting transaction: 891c8063
Submitting transaction: e010001f
Submitting transaction: 0bda72b2
Submitting transaction: 121e7fd9
[Submitting transaction: 9bc868ce
SUCCESSSubmitting transaction: 3afac5f0
] Transaction 2c8e5b84 (Submitting transaction: faacd334
DEPOSITSubmitting transaction: c419b656
) for account 4c72b080: Submitting transaction: 126ea0f5
[2c8e5b84]: Deposit successful
Submitting transaction: 16559800
Submitting transaction: 5d37bc18
Submitting transaction: db1534e0
Submitting transaction: 3d39bf09
Submitting transaction: 0cc1ef2c
Submitting transaction: ad1aa406
Submitting transaction: a4df51f7
Submitting transaction: 1b0af13d
Submitting transaction: 407fd942
Submitting transaction: 25c93b1c
Submitting transaction: 001a0843
Submitting transaction: 42ac4f1c
Submitting transaction: 8ede66f9
Submitting transaction: c29d7b4b
Submitting transaction: 50ade513
Submitting transaction: 294ff366
Submitting transaction: 4a1bc662
Submitting transaction: 0ebef6e6
Submitting transaction: d8295bf1
Submitting transaction: 12901fff
Submitting transaction: cb7533d9
Submitting transaction: 6bb373d1
Submitting transaction: 905e47fa
Submitting transaction: 25c0d0ff
Submitting transaction: 1909df8d
Submitting transaction: 188a31f0
Submitting transaction: c5e96c84
Submitting transaction: 78794fa6
Submitting transaction: a04d5ecb
Submitting transaction: 1922ce18
Submitting transaction: 474ba578
Submitting transaction: c253dd2a
Submitting transaction: d7fa8fff
Submitting transaction: b96c3184
Submitting transaction: b180e454
Submitting transaction: 66bf3e4d
Submitting transaction: 7d169881
Submitting transaction: 015cfbd6
Submitting transaction: fe278fef
Submitting transaction: cf6323f9
Submitting transaction: 2c26298a
Submitting transaction: a920b285
Submitting transaction: 321642eb
Submitting transaction: c7fdc705
[SUCCESS] Transaction Submitting transaction: 8078136f
a70fc373 (DEPOSIT) for account 4c72b080Submitting transaction: 890f4788
: [a70fc373]: Deposit successfulSubmitting transaction: 286e6aff

Submitting transaction: 52bd81f5
Submitting transaction: e5462923
Submitting transaction: 25ed7f00
Submitting transaction: 6aaf1ed8
Submitting transaction: 3efd4f86
Submitting transaction: 3a81a622
Submitting transaction: 94eca822
Submitting transaction: 1ad7b525
Submitting transaction: 4f2c9144
Submitting transaction: 2f7257dd
Submitting transaction: f58df796
Submitting transaction: 9925deb8
Submitting transaction: 849727cc
Submitting transaction: 07d5e6ea
Submitting transaction: 548905ad
Submitting transaction: 456e15e8
Submitting transaction: cbf195be
Submitting transaction: 27661bbc
Submitting transaction: 4c7392cd
Submitting transaction: 9b84c11b
Submitting transaction: d6d2cfe9
Submitting transaction: 88aed03d
Submitting transaction: 4261eb98
Submitting transaction: cfc127d1
Submitting transaction: 757f0013
Submitting transaction: c6be45fd
Submitting transaction: dd86f5c0
Submitting transaction: a99b3a3e
Submitting transaction: e11e861f
Submitting transaction: 45fbb5dc
Submitting transaction: 64541b17
Submitting transaction: c34975a7
Submitting transaction: 07534cf5
Submitting transaction: 591c9018
Submitting transaction: 81755086
Submitting transaction: 986e94ea
Submitting transaction: 9d01e093
[SUCCESS] Transaction e6cf1d32 (Submitting transaction: e127af72
DEPOSITSubmitting transaction: c7c862ca
) for account 4c72b080Submitting transaction: 1b9c4816
: Submitting transaction: ec8e039f
[e6cf1d32]: Deposit successful
Submitting transaction: c1571321
Submitting transaction: 7486cca7
Submitting transaction: 0d284d82
Submitting transaction: 21d9972d
Submitting transaction: d3e33b35
Submitting transaction: d529282d
Submitting transaction: 09a21170
Submitting transaction: 427bd96c
Submitting transaction: 744cb521
Submitting transaction: 80efe5e3
Submitting transaction: d1084d6a
Submitting transaction: 433ede5a
Submitting transaction: c58cdfc8
Submitting transaction: bf4162fa
Submitting transaction: 521c7243
Submitting transaction: b47360cf
Submitting transaction: c20afa98
Submitting transaction: 7ad04b5b
Submitting transaction: aac7a6d1
Submitting transaction: 6cbbe402
Submitting transaction: bca5ef8c
Submitting transaction: 8e67f436
Submitting transaction: 48591f0a
Submitting transaction: ac4df4bb
Submitting transaction: 258cb1df
Submitting transaction: 3e8fc8ac
Submitting transaction: 2af7833d
Submitting transaction: 23d46de0
Submitting transaction: 3dad41e5
Submitting transaction: 9a5fc16e
Submitting transaction: 461e18cd
Submitting transaction: 7c200a81
Submitting transaction: 24baca25
Submitting transaction: 2722481b
Submitting transaction: fa9029c9
[Submitting transaction: dce020b6
SUCCESS] Transaction 07876f14 (DEPOSIT) for account 4c72b080: [07876f14]: Deposit successful
Submitting transaction: 99f831d2
Submitting transaction: d3691800
Submitting transaction: 326d6408
Submitting transaction: fe3dcfe2
Submitting transaction: f70810cd
Submitting transaction: a14b852f
Submitting transaction: 2c8964cd
Submitting transaction: 4b26b367
Submitting transaction: c0e09b8f
Submitting transaction: 74563784
Submitting transaction: 40fbbc96
Submitting transaction: 01554a8e
Submitting transaction: 81016282
Submitting transaction: e84d523a
Submitting transaction: 74e3673e
Submitting transaction: 5e31981a
Submitting transaction: a8098fa9
Submitting transaction: cb049450
Submitting transaction: 9144c25d
Submitting transaction: a41dbf7b
Submitting transaction: 64774fa1
Submitting transaction: 94e7774c
Submitting transaction: 3944f6b6
Submitting transaction: 302c26c9
[SUCCESS] Transaction 0bd7ee58 (DEPOSIT) for account 4c72b080: [0bd7ee58]: Deposit successful
Submitting transaction: 729aaaa2
Submitting transaction: e1768e2f
Submitting transaction: 65413e28
Submitting transaction: b2ce898f
Submitting transaction: 26406841
Submitting transaction: 10c69b1a
Submitting transaction: 23f91e40
Submitting transaction: a3ede7d2
Submitting transaction: f7845073
Submitting transaction: 9ba0df2a
Submitting transaction: 8765983d
Submitting transaction: b50bb749
Submitting transaction: 9942c309
Submitting transaction: 7dae197e
[SUCCESS] Transaction 404f362c (DEPOSIT) for account 4c72b080: [404f362c]: Deposit successful
[SUCCESS] Transaction 4d412935 (DEPOSIT) for account 4c72b080: [4d412935]: Deposit successful
[SUCCESS] Transaction afbc238c (DEPOSIT) for account 4c72b080: [afbc238c]: Deposit successful
[SUCCESS] Transaction 8a952593 (DEPOSIT) for account 4c72b080: [8a952593]: Deposit successful
[SUCCESS] Transaction 474f5f66 (DEPOSIT) for account 4c72b080: [474f5f66]: Deposit successful
[SUCCESS] Transaction 9f571477 (DEPOSIT) for account 4c72b080: [9f571477]: Deposit successful
[SUCCESS] Transaction 5a31a5ff (DEPOSIT) for account 4c72b080: [5a31a5ff]: Deposit successful
[SUCCESS] Transaction 71b49a48 (DEPOSIT) for account 4c72b080: [71b49a48]: Deposit successful
[SUCCESS] Transaction 6a8647ad (DEPOSIT) for account 4c72b080: [6a8647ad]: Deposit successful
[SUCCESS] Transaction 777e561d (DEPOSIT) for account 4c72b080: [777e561d]: Deposit successful
[SUCCESS] Transaction 5d1fc619 (DEPOSIT) for account 4c72b080: [5d1fc619]: Deposit successful
[SUCCESS] Transaction 6191021c (DEPOSIT) for account 4c72b080: [6191021c]: Deposit successful
[SUCCESS] Transaction 5a0bbbc7 (DEPOSIT) for account 4c72b080: [5a0bbbc7]: Deposit successful
[SUCCESS] Transaction 5ec50c22 (DEPOSIT) for account 4c72b080: [5ec50c22]: Deposit successful
[SUCCESS] Transaction bc89b587 (DEPOSIT) for account 4c72b080: [bc89b587]: Deposit successful
[SUCCESS] Transaction f1ed0b28 (DEPOSIT) for account 4c72b080: [f1ed0b28]: Deposit successful
[SUCCESS] Transaction 26536ea7 (DEPOSIT) for account 4c72b080: [26536ea7]: Deposit successful
[SUCCESS] Transaction 44a2777d (DEPOSIT) for account 4c72b080: [44a2777d]: Deposit successful
[SUCCESS] Transaction bda277be (DEPOSIT) for account 4c72b080: [bda277be]: Deposit successful
[SUCCESS] Transaction 096cb884 (DEPOSIT) for account 4c72b080: [096cb884]: Deposit successful
[SUCCESS] Transaction 2d9597f4 (DEPOSIT) for account 4c72b080: [2d9597f4]: Deposit successful
[SUCCESS] Transaction b469fe77 (DEPOSIT) for account 4c72b080: [b469fe77]: Deposit successful
[SUCCESS] Transaction 5eb53a9f (DEPOSIT) for account 4c72b080: [5eb53a9f]: Deposit successful
[SUCCESS] Transaction 1fd2add4 (DEPOSIT) for account 4c72b080: [1fd2add4]: Deposit successful
[SUCCESS] Transaction d529f422 (DEPOSIT) for account 4c72b080: [d529f422]: Deposit successful
[SUCCESS] Transaction a6e30da7 (DEPOSIT) for account 4c72b080: [a6e30da7]: Deposit successful
[SUCCESS] Transaction 80fa1e97 (DEPOSIT) for account 4c72b080: [80fa1e97]: Deposit successful
[SUCCESS] Transaction a2818d0b (DEPOSIT) for account 4c72b080: [a2818d0b]: Deposit successful
[SUCCESS] Transaction 6407a2f0 (DEPOSIT) for account 4c72b080: [6407a2f0]: Deposit successful
[SUCCESS] Transaction 163bf114 (DEPOSIT) for account 4c72b080: [163bf114]: Deposit successful
[SUCCESS] Transaction fa218df8 (DEPOSIT) for account 4c72b080: [fa218df8]: Deposit successful
[SUCCESS] Transaction 4cc5b247 (DEPOSIT) for account 4c72b080: [4cc5b247]: Deposit successful
[SUCCESS] Transaction 2664facb (DEPOSIT) for account 4c72b080: [2664facb]: Deposit successful
[SUCCESS] Transaction 1330c8ab (DEPOSIT) for account 4c72b080: [1330c8ab]: Deposit successful
[SUCCESS] Transaction 49e1242f (DEPOSIT) for account 4c72b080: [49e1242f]: Deposit successful
[SUCCESS] Transaction 880b1cb7 (DEPOSIT) for account 4c72b080: [880b1cb7]: Deposit successful
[SUCCESS] Transaction 8ca5b968 (DEPOSIT) for account 4c72b080: [8ca5b968]: Deposit successful
[SUCCESS] Transaction d8ea705b (DEPOSIT) for account 4c72b080: [d8ea705b]: Deposit successful
[SUCCESS] Transaction fa25a276 (DEPOSIT) for account 4c72b080: [fa25a276]: Deposit successful
[SUCCESS] Transaction 31c2a317 (DEPOSIT) for account 4c72b080: [31c2a317]: Deposit successful
[SUCCESS] Transaction 36a0a3d5 (DEPOSIT) for account 4c72b080: [36a0a3d5]: Deposit successful
[SUCCESS] Transaction 8d66ff18 (DEPOSIT) for account 4c72b080: [8d66ff18]: Deposit successful
[SUCCESS] Transaction 94204609 (DEPOSIT) for account 4c72b080: [94204609]: Deposit successful
[SUCCESS] Transaction 248afccf (DEPOSIT) for account 4c72b080: [248afccf]: Deposit successful
[SUCCESS] Transaction 2749fc24 (DEPOSIT) for account 4c72b080: [2749fc24]: Deposit successful
[SUCCESS] Transaction 9521f794 (DEPOSIT) for account 4c72b080: [9521f794]: Deposit successful
[SUCCESS] Transaction fc80edf3 (DEPOSIT) for account 4c72b080: [fc80edf3]: Deposit successful
[SUCCESS] Transaction 8698be5b (DEPOSIT) for account 4c72b080: [8698be5b]: Deposit successful
[SUCCESS] Transaction c6313831 (DEPOSIT) for account 4c72b080: [c6313831]: Deposit successful
[SUCCESS] Transaction c0bc8749 (DEPOSIT) for account 4c72b080: [c0bc8749]: Deposit successful
[SUCCESS] Transaction 94a00f32 (DEPOSIT) for account 4c72b080: [94a00f32]: Deposit successful
[SUCCESS] Transaction b203870d (DEPOSIT) for account 4c72b080: [b203870d]: Deposit successful
[SUCCESS] Transaction 8c577c3b (DEPOSIT) for account 4c72b080: [8c577c3b]: Deposit successful
[SUCCESS] Transaction ee6f1a43 (DEPOSIT) for account 4c72b080: [ee6f1a43]: Deposit successful
[SUCCESS] Transaction 5c108e34 (DEPOSIT) for account 4c72b080: [5c108e34]: Deposit successful
[SUCCESS] Transaction c16dce70 (DEPOSIT) for account 4c72b080: [c16dce70]: Deposit successful
[SUCCESS] Transaction b1029acf (DEPOSIT) for account 4c72b080: [b1029acf]: Deposit successful
[SUCCESS] Transaction fa855376 (DEPOSIT) for account 4c72b080: [fa855376]: Deposit successful
[SUCCESS] Transaction 37b3ec4b (DEPOSIT) for account 4c72b080: [37b3ec4b]: Deposit successful
[SUCCESS] Transaction 9c85261d (DEPOSIT) for account 4c72b080: [9c85261d]: Deposit successful
[SUCCESS] Transaction 6e5f8415 (DEPOSIT) for account 4c72b080: [6e5f8415]: Deposit successful
[SUCCESS] Transaction c9d285f4 (DEPOSIT) for account 4c72b080: [c9d285f4]: Deposit successful
[SUCCESS] Transaction c7ce29bf (DEPOSIT) for account 4c72b080: [c7ce29bf]: Deposit successful
[SUCCESS] Transaction 63f7fe07 (DEPOSIT) for account 4c72b080: [63f7fe07]: Deposit successful
[SUCCESS] Transaction 3f6fd03b (DEPOSIT) for account 4c72b080: [3f6fd03b]: Deposit successful
[SUCCESS] Transaction 8ac29a47 (DEPOSIT) for account 4c72b080: [8ac29a47]: Deposit successful
[SUCCESS] Transaction 08bfdfe7 (DEPOSIT) for account 4c72b080: [08bfdfe7]: Deposit successful
[SUCCESS] Transaction 5b05a6df (DEPOSIT) for account 4c72b080: [5b05a6df]: Deposit successful
[SUCCESS] Transaction aefe93b9 (DEPOSIT) for account 4c72b080: [aefe93b9]: Deposit successful
[SUCCESS] Transaction a3b65395 (DEPOSIT) for account 4c72b080: [a3b65395]: Deposit successful
[SUCCESS] Transaction 74a1590f (DEPOSIT) for account 4c72b080: [74a1590f]: Deposit successful
[SUCCESS] Transaction d249f058 (DEPOSIT) for account 4c72b080: [d249f058]: Deposit successful
[SUCCESS] Transaction 2de6b0f2 (DEPOSIT) for account 4c72b080: [2de6b0f2]: Deposit successful
[SUCCESS] Transaction dbda64df (DEPOSIT) for account 4c72b080: [dbda64df]: Deposit successful
[SUCCESS] Transaction 54f64027 (DEPOSIT) for account 4c72b080: [54f64027]: Deposit successful
[SUCCESS] Transaction c45335ec (DEPOSIT) for account 4c72b080: [c45335ec]: Deposit successful
[SUCCESS] Transaction 1fcadf9a (DEPOSIT) for account 4c72b080: [1fcadf9a]: Deposit successful
[SUCCESS] Transaction ecea39ea (DEPOSIT) for account 4c72b080: [ecea39ea]: Deposit successful
[SUCCESS] Transaction 923f12df (DEPOSIT) for account 4c72b080: [923f12df]: Deposit successful
[SUCCESS] Transaction 7e64669f (DEPOSIT) for account 4c72b080: [7e64669f]: Deposit successful
[SUCCESS] Transaction ad33c9d8 (DEPOSIT) for account 4c72b080: [ad33c9d8]: Deposit successful
[SUCCESS] Transaction 66cb7835 (DEPOSIT) for account 4c72b080: [66cb7835]: Deposit successful
[SUCCESS] Transaction b1bd6eff (DEPOSIT) for account 4c72b080: [b1bd6eff]: Deposit successful
[SUCCESS] Transaction f498302d (DEPOSIT) for account 4c72b080: [f498302d]: Deposit successful
[SUCCESS] Transaction 0a4bb7fe (DEPOSIT) for account 4c72b080: [0a4bb7fe]: Deposit successful
[SUCCESS] Transaction 9d549ca4 (DEPOSIT) for account 4c72b080: [9d549ca4]: Deposit successful
[SUCCESS] Transaction fae89b4d (DEPOSIT) for account 4c72b080: [fae89b4d]: Deposit successful
[SUCCESS] Transaction e6f1e749 (DEPOSIT) for account 4c72b080: [e6f1e749]: Deposit successful
[SUCCESS] Transaction bccc01fe (DEPOSIT) for account 4c72b080: [bccc01fe]: Deposit successful
[SUCCESS] Transaction 8e5b717a (DEPOSIT) for account 4c72b080: [8e5b717a]: Deposit successful
[SUCCESS] Transaction e395d204 (DEPOSIT) for account 4c72b080: [e395d204]: Deposit successful
[SUCCESS] Transaction 63c602bb (DEPOSIT) for account 4c72b080: [63c602bb]: Deposit successful
[SUCCESS] Transaction 6f01632c (DEPOSIT) for account 4c72b080: [6f01632c]: Deposit successful
[SUCCESS] Transaction 6a08faa5 (DEPOSIT) for account 4c72b080: [6a08faa5]: Deposit successful
[SUCCESS] Transaction 5613edd6 (DEPOSIT) for account 4c72b080: [5613edd6]: Deposit successful
[SUCCESS] Transaction ab01ffe3 (DEPOSIT) for account 4c72b080: [ab01ffe3]: Deposit successful
[SUCCESS] Transaction 3b89afb0 (DEPOSIT) for account 4c72b080: [3b89afb0]: Deposit successful
[SUCCESS] Transaction c0dd8912 (DEPOSIT) for account 4c72b080: [c0dd8912]: Deposit successful
[SUCCESS] Transaction b5d87a5a (DEPOSIT) for account 4c72b080: [b5d87a5a]: Deposit successful
[SUCCESS] Transaction 8d9d514b (DEPOSIT) for account 4c72b080: [8d9d514b]: Deposit successful
[SUCCESS] Transaction 010ae894 (DEPOSIT) for account 4c72b080: [010ae894]: Deposit successful
[SUCCESS] Transaction e3185f21 (DEPOSIT) for account 4c72b080: [e3185f21]: Deposit successful
[SUCCESS] Transaction 49475dac (DEPOSIT) for account 4c72b080: [49475dac]: Deposit successful
[SUCCESS] Transaction b9b699a9 (DEPOSIT) for account 4c72b080: [b9b699a9]: Deposit successful
[SUCCESS] Transaction 4fd648df (DEPOSIT) for account 4c72b080: [4fd648df]: Deposit successful
[SUCCESS] Transaction f9fd518b (DEPOSIT) for account 4c72b080: [f9fd518b]: Deposit successful
[SUCCESS] Transaction c1eda057 (DEPOSIT) for account 4c72b080: [c1eda057]: Deposit successful
[SUCCESS] Transaction 8efe7f85 (DEPOSIT) for account 4c72b080: [8efe7f85]: Deposit successful
[SUCCESS] Transaction f66cce46 (DEPOSIT) for account 4c72b080: [f66cce46]: Deposit successful
[SUCCESS] Transaction 5366a546 (DEPOSIT) for account 4c72b080: [5366a546]: Deposit successful
[SUCCESS] Transaction 58965be1 (DEPOSIT) for account 4c72b080: [58965be1]: Deposit successful
[SUCCESS] Transaction 0ef5cc96 (DEPOSIT) for account 4c72b080: [0ef5cc96]: Deposit successful
[SUCCESS] Transaction 666e5755 (DEPOSIT) for account 4c72b080: [666e5755]: Deposit successful
[SUCCESS] Transaction 65db4b98 (DEPOSIT) for account 4c72b080: [65db4b98]: Deposit successful
[SUCCESS] Transaction 1baeb81a (DEPOSIT) for account 4c72b080: [1baeb81a]: Deposit successful
[SUCCESS] Transaction 061616bf (DEPOSIT) for account 4c72b080: [061616bf]: Deposit successful
[SUCCESS] Transaction 8bb05c4e (DEPOSIT) for account 4c72b080: [8bb05c4e]: Deposit successful
[SUCCESS] Transaction cb214a7e (DEPOSIT) for account 4c72b080: [cb214a7e]: Deposit successful
[SUCCESS] Transaction 80ecd09a (DEPOSIT) for account 4c72b080: [80ecd09a]: Deposit successful
[SUCCESS] Transaction a1834678 (DEPOSIT) for account 4c72b080: [a1834678]: Deposit successful
[SUCCESS] Transaction ddf31474 (DEPOSIT) for account 4c72b080: [ddf31474]: Deposit successful
[SUCCESS] Transaction 5ef714ec (DEPOSIT) for account 4c72b080: [5ef714ec]: Deposit successful
[SUCCESS] Transaction cc7ebfed (DEPOSIT) for account 4c72b080: [cc7ebfed]: Deposit successful
[SUCCESS] Transaction f47401a9 (DEPOSIT) for account 4c72b080: [f47401a9]: Deposit successful
[SUCCESS] Transaction 6dddeb6b (DEPOSIT) for account 4c72b080: [6dddeb6b]: Deposit successful
[SUCCESS] Transaction 94895d27 (DEPOSIT) for account 4c72b080: [94895d27]: Deposit successful
[SUCCESS] Transaction 69dfd2df (DEPOSIT) for account 4c72b080: [69dfd2df]: Deposit successful
[SUCCESS] Transaction cdc94b26 (DEPOSIT) for account 4c72b080: [cdc94b26]: Deposit successful
[SUCCESS] Transaction 5d45e5f3 (DEPOSIT) for account 4c72b080: [5d45e5f3]: Deposit successful
[SUCCESS] Transaction 8b06cf73 (DEPOSIT) for account 4c72b080: [8b06cf73]: Deposit successful
[SUCCESS] Transaction 12ee7b4d (DEPOSIT) for account 4c72b080: [12ee7b4d]: Deposit successful
[SUCCESS] Transaction 7aa838f9 (DEPOSIT) for account 4c72b080: [7aa838f9]: Deposit successful
[SUCCESS] Transaction be565dbe (DEPOSIT) for account 4c72b080: [be565dbe]: Deposit successful
[SUCCESS] Transaction 31e0b47d (DEPOSIT) for account 4c72b080: [31e0b47d]: Deposit successful
[SUCCESS] Transaction 63b9d888 (DEPOSIT) for account 4c72b080: [63b9d888]: Deposit successful
[SUCCESS] Transaction 3dcc2bef (DEPOSIT) for account 4c72b080: [3dcc2bef]: Deposit successful
[SUCCESS] Transaction 2abf5bf0 (DEPOSIT) for account 4c72b080: [2abf5bf0]: Deposit successful
[SUCCESS] Transaction f3386d13 (DEPOSIT) for account 4c72b080: [f3386d13]: Deposit successful
[SUCCESS] Transaction 6a798d09 (DEPOSIT) for account 4c72b080: [6a798d09]: Deposit successful
[SUCCESS] Transaction 28822d65 (DEPOSIT) for account 4c72b080: [28822d65]: Deposit successful
[SUCCESS] Transaction 8c0ceb50 (DEPOSIT) for account 4c72b080: [8c0ceb50]: Deposit successful
[SUCCESS] Transaction e50316ff (DEPOSIT) for account 4c72b080: [e50316ff]: Deposit successful
[SUCCESS] Transaction 1bab9a93 (DEPOSIT) for account 4c72b080: [1bab9a93]: Deposit successful
[SUCCESS] Transaction 926cd4a4 (DEPOSIT) for account 4c72b080: [926cd4a4]: Deposit successful
[SUCCESS] Transaction 7c1e91af (DEPOSIT) for account 4c72b080: [7c1e91af]: Deposit successful
[SUCCESS] Transaction 9474becf (DEPOSIT) for account 4c72b080: [9474becf]: Deposit successful
[SUCCESS] Transaction badf15f8 (DEPOSIT) for account 4c72b080: [badf15f8]: Deposit successful
[SUCCESS] Transaction ef92bf57 (DEPOSIT) for account 4c72b080: [ef92bf57]: Deposit successful
[SUCCESS] Transaction 70049622 (DEPOSIT) for account 4c72b080: [70049622]: Deposit successful
[SUCCESS] Transaction be42f0f7 (DEPOSIT) for account 4c72b080: [be42f0f7]: Deposit successful
[SUCCESS] Transaction 29794c6f (DEPOSIT) for account 4c72b080: [29794c6f]: Deposit successful
[SUCCESS] Transaction 0aed8dbb (DEPOSIT) for account 4c72b080: [0aed8dbb]: Deposit successful
[SUCCESS] Transaction 5794ca77 (DEPOSIT) for account 4c72b080: [5794ca77]: Deposit successful
[SUCCESS] Transaction fb5725a3 (DEPOSIT) for account 4c72b080: [fb5725a3]: Deposit successful
[SUCCESS] Transaction c19eaddf (DEPOSIT) for account 4c72b080: [c19eaddf]: Deposit successful
[SUCCESS] Transaction 0f3e1f68 (DEPOSIT) for account 4c72b080: [0f3e1f68]: Deposit successful
[SUCCESS] Transaction df6f7b59 (DEPOSIT) for account 4c72b080: [df6f7b59]: Deposit successful
[SUCCESS] Transaction b2b6063a (DEPOSIT) for account 4c72b080: [b2b6063a]: Deposit successful
[SUCCESS] Transaction 9e31f6cc (DEPOSIT) for account 4c72b080: [9e31f6cc]: Deposit successful
[SUCCESS] Transaction 4e95dbcb (DEPOSIT) for account 4c72b080: [4e95dbcb]: Deposit successful
[SUCCESS] Transaction f3ff994d (DEPOSIT) for account 4c72b080: [f3ff994d]: Deposit successful
[SUCCESS] Transaction 0d1c1839 (DEPOSIT) for account 4c72b080: [0d1c1839]: Deposit successful
[SUCCESS] Transaction 227fc4a9 (DEPOSIT) for account 4c72b080: [227fc4a9]: Deposit successful
[SUCCESS] Transaction 904ad5f6 (DEPOSIT) for account 4c72b080: [904ad5f6]: Deposit successful
[SUCCESS] Transaction 7386bcc0 (DEPOSIT) for account 4c72b080: [7386bcc0]: Deposit successful
[SUCCESS] Transaction e49d80ce (DEPOSIT) for account 4c72b080: [e49d80ce]: Deposit successful
[SUCCESS] Transaction 9ba6f5d7 (DEPOSIT) for account 4c72b080: [9ba6f5d7]: Deposit successful
[SUCCESS] Transaction 97139b72 (DEPOSIT) for account 4c72b080: [97139b72]: Deposit successful
[SUCCESS] Transaction b01479a9 (DEPOSIT) for account 4c72b080: [b01479a9]: Deposit successful
[SUCCESS] Transaction 93cd5bfe (DEPOSIT) for account 4c72b080: [93cd5bfe]: Deposit successful
[SUCCESS] Transaction d479051c (DEPOSIT) for account 4c72b080: [d479051c]: Deposit successful
[SUCCESS] Transaction 164688e1 (DEPOSIT) for account 4c72b080: [164688e1]: Deposit successful
[SUCCESS] Transaction 53b5fb20 (DEPOSIT) for account 4c72b080: [53b5fb20]: Deposit successful
[SUCCESS] Transaction 91970fc9 (DEPOSIT) for account 4c72b080: [91970fc9]: Deposit successful
[SUCCESS] Transaction 138bfc6f (DEPOSIT) for account 4c72b080: [138bfc6f]: Deposit successful
[SUCCESS] Transaction 2f4409a1 (DEPOSIT) for account 4c72b080: [2f4409a1]: Deposit successful
[SUCCESS] Transaction 6255cae5 (DEPOSIT) for account 4c72b080: [6255cae5]: Deposit successful
[SUCCESS] Transaction 692ff402 (DEPOSIT) for account 4c72b080: [692ff402]: Deposit successful
[SUCCESS] Transaction 02b1b068 (DEPOSIT) for account 4c72b080: [02b1b068]: Deposit successful
[SUCCESS] Transaction fe5bf64d (DEPOSIT) for account 4c72b080: [fe5bf64d]: Deposit successful
[SUCCESS] Transaction 3ef1fe7b (DEPOSIT) for account 4c72b080: [3ef1fe7b]: Deposit successful
[SUCCESS] Transaction 3d3373a7 (DEPOSIT) for account 4c72b080: [3d3373a7]: Deposit successful
[SUCCESS] Transaction 12f82a4c (DEPOSIT) for account 4c72b080: [12f82a4c]: Deposit successful
[SUCCESS] Transaction f54b483a (DEPOSIT) for account 4c72b080: [f54b483a]: Deposit successful
[SUCCESS] Transaction c4b8b9c7 (DEPOSIT) for account 4c72b080: [c4b8b9c7]: Deposit successful
[SUCCESS] Transaction 4ceb7c4a (DEPOSIT) for account 4c72b080: [4ceb7c4a]: Deposit successful
[SUCCESS] Transaction 9874a7f2 (DEPOSIT) for account 4c72b080: [9874a7f2]: Deposit successful
[SUCCESS] Transaction be824a98 (DEPOSIT) for account 4c72b080: [be824a98]: Deposit successful
[SUCCESS] Transaction b794a275 (DEPOSIT) for account 4c72b080: [b794a275]: Deposit successful
[SUCCESS] Transaction db52709b (DEPOSIT) for account 4c72b080: [db52709b]: Deposit successful
[SUCCESS] Transaction d6c63cc1 (DEPOSIT) for account 4c72b080: [d6c63cc1]: Deposit successful
[SUCCESS] Transaction d8e0363f (DEPOSIT) for account 4c72b080: [d8e0363f]: Deposit successful
[SUCCESS] Transaction 4eb0e9eb (DEPOSIT) for account 4c72b080: [4eb0e9eb]: Deposit successful
[SUCCESS] Transaction 1ceb6f0c (DEPOSIT) for account 4c72b080: [1ceb6f0c]: Deposit successful
[SUCCESS] Transaction fd16ed5e (DEPOSIT) for account 4c72b080: [fd16ed5e]: Deposit successful
[SUCCESS] Transaction 68a5feb8 (DEPOSIT) for account 4c72b080: [68a5feb8]: Deposit successful
[SUCCESS] Transaction 44d43e8b (DEPOSIT) for account 4c72b080: [44d43e8b]: Deposit successful
[SUCCESS] Transaction 6c6eb8d3 (DEPOSIT) for account 4c72b080: [6c6eb8d3]: Deposit successful
[SUCCESS] Transaction 32521bba (DEPOSIT) for account 4c72b080: [32521bba]: Deposit successful
[SUCCESS] Transaction 1f7b302a (DEPOSIT) for account 4c72b080: [1f7b302a]: Deposit successful
[SUCCESS] Transaction d7306bc6 (DEPOSIT) for account 4c72b080: [d7306bc6]: Deposit successful
[SUCCESS] Transaction c4402730 (DEPOSIT) for account 4c72b080: [c4402730]: Deposit successful
[SUCCESS] Transaction c0d20cdc (DEPOSIT) for account 4c72b080: [c0d20cdc]: Deposit successful
[SUCCESS] Transaction c53c8e9b (DEPOSIT) for account 4c72b080: [c53c8e9b]: Deposit successful
[SUCCESS] Transaction 1f610ca6 (DEPOSIT) for account 4c72b080: [1f610ca6]: Deposit successful
[SUCCESS] Transaction 6ec27dd6 (DEPOSIT) for account 4c72b080: [6ec27dd6]: Deposit successful
[SUCCESS] Transaction 037d4b35 (DEPOSIT) for account 4c72b080: [037d4b35]: Deposit successful
[SUCCESS] Transaction c62d7815 (DEPOSIT) for account 4c72b080: [c62d7815]: Deposit successful
[SUCCESS] Transaction cd0e6635 (DEPOSIT) for account 4c72b080: [cd0e6635]: Deposit successful
[SUCCESS] Transaction 9f89f4cb (DEPOSIT) for account 4c72b080: [9f89f4cb]: Deposit successful
[SUCCESS] Transaction 76dd5f28 (DEPOSIT) for account 4c72b080: [76dd5f28]: Deposit successful
[SUCCESS] Transaction 04b5b8cb (DEPOSIT) for account 4c72b080: [04b5b8cb]: Deposit successful
[SUCCESS] Transaction 7cdf9d50 (DEPOSIT) for account 4c72b080: [7cdf9d50]: Deposit successful
[SUCCESS] Transaction e9fdbb9f (DEPOSIT) for account 4c72b080: [e9fdbb9f]: Deposit successful
[SUCCESS] Transaction 6e946f10 (DEPOSIT) for account 4c72b080: [6e946f10]: Deposit successful
[SUCCESS] Transaction dbde023e (DEPOSIT) for account 4c72b080: [dbde023e]: Deposit successful
[SUCCESS] Transaction 5a2688b7 (DEPOSIT) for account 4c72b080: [5a2688b7]: Deposit successful
[SUCCESS] Transaction f5cb5159 (DEPOSIT) for account 4c72b080: [f5cb5159]: Deposit successful
[SUCCESS] Transaction b5c869cd (DEPOSIT) for account 4c72b080: [b5c869cd]: Deposit successful
[SUCCESS] Transaction 93849e01 (DEPOSIT) for account 4c72b080: [93849e01]: Deposit successful
[SUCCESS] Transaction c3009d4a (DEPOSIT) for account 4c72b080: [c3009d4a]: Deposit successful
[SUCCESS] Transaction 1d146f8e (DEPOSIT) for account 4c72b080: [1d146f8e]: Deposit successful
[SUCCESS] Transaction f92fca2f (DEPOSIT) for account 4c72b080: [f92fca2f]: Deposit successful
[SUCCESS] Transaction 0505630f (DEPOSIT) for account 4c72b080: [0505630f]: Deposit successful
[SUCCESS] Transaction 4bfb4e04 (DEPOSIT) for account 4c72b080: [4bfb4e04]: Deposit successful
[SUCCESS] Transaction dc5d693d (DEPOSIT) for account 4c72b080: [dc5d693d]: Deposit successful
[SUCCESS] Transaction 2ce1a47f (DEPOSIT) for account 4c72b080: [2ce1a47f]: Deposit successful
[SUCCESS] Transaction 68eaa16a (DEPOSIT) for account 4c72b080: [68eaa16a]: Deposit successful
[SUCCESS] Transaction 52dde05f (DEPOSIT) for account 4c72b080: [52dde05f]: Deposit successful
[SUCCESS] Transaction c80ab087 (DEPOSIT) for account 4c72b080: [c80ab087]: Deposit successful
[SUCCESS] Transaction 7aaa2da4 (DEPOSIT) for account 4c72b080: [7aaa2da4]: Deposit successful
[SUCCESS] Transaction 1fff48c0 (DEPOSIT) for account 4c72b080: [1fff48c0]: Deposit successful
[SUCCESS] Transaction e7f10861 (DEPOSIT) for account 4c72b080: [e7f10861]: Deposit successful
[SUCCESS] Transaction 54242b0b (DEPOSIT) for account 4c72b080: [54242b0b]: Deposit successful
[SUCCESS] Transaction 2e47fb97 (DEPOSIT) for account 4c72b080: [2e47fb97]: Deposit successful
[SUCCESS] Transaction c3fd5c66 (DEPOSIT) for account 4c72b080: [c3fd5c66]: Deposit successful
[SUCCESS] Transaction fd88524e (DEPOSIT) for account 4c72b080: [fd88524e]: Deposit successful
[SUCCESS] Transaction 00823cb4 (DEPOSIT) for account 4c72b080: [00823cb4]: Deposit successful
[SUCCESS] Transaction 58d3eb21 (DEPOSIT) for account 4c72b080: [58d3eb21]: Deposit successful
[SUCCESS] Transaction 8cad7215 (DEPOSIT) for account 4c72b080: [8cad7215]: Deposit successful
[SUCCESS] Transaction d353ca04 (DEPOSIT) for account 4c72b080: [d353ca04]: Deposit successful
[SUCCESS] Transaction c16540b4 (DEPOSIT) for account 4c72b080: [c16540b4]: Deposit successful
[SUCCESS] Transaction 09088119 (DEPOSIT) for account 4c72b080: [09088119]: Deposit successful
[SUCCESS] Transaction 5f2e1f5d (DEPOSIT) for account 4c72b080: [5f2e1f5d]: Deposit successful
[SUCCESS] Transaction e59f60a9 (DEPOSIT) for account 4c72b080: [e59f60a9]: Deposit successful
[SUCCESS] Transaction e89bd16d (DEPOSIT) for account 4c72b080: [e89bd16d]: Deposit successful
[SUCCESS] Transaction 4f096a63 (DEPOSIT) for account 4c72b080: [4f096a63]: Deposit successful
[SUCCESS] Transaction 384bf3a9 (DEPOSIT) for account 4c72b080: [384bf3a9]: Deposit successful
[SUCCESS] Transaction 463ff0ac (DEPOSIT) for account 4c72b080: [463ff0ac]: Deposit successful
[SUCCESS] Transaction 570d0391 (DEPOSIT) for account 4c72b080: [570d0391]: Deposit successful
[SUCCESS] Transaction 936e612d (DEPOSIT) for account 4c72b080: [936e612d]: Deposit successful
[SUCCESS] Transaction d00a959f (DEPOSIT) for account 4c72b080: [d00a959f]: Deposit successful
[SUCCESS] Transaction e777fb7a (DEPOSIT) for account 4c72b080: [e777fb7a]: Deposit successful
[SUCCESS] Transaction 6ed3c143 (DEPOSIT) for account 4c72b080: [6ed3c143]: Deposit successful
[SUCCESS] Transaction e8621181 (DEPOSIT) for account 4c72b080: [e8621181]: Deposit successful
[SUCCESS] Transaction f7fcfc90 (DEPOSIT) for account 4c72b080: [f7fcfc90]: Deposit successful
[SUCCESS] Transaction 9668929e (DEPOSIT) for account 4c72b080: [9668929e]: Deposit successful
[SUCCESS] Transaction e6d4d73a (DEPOSIT) for account 4c72b080: [e6d4d73a]: Deposit successful
[SUCCESS] Transaction abfcae33 (DEPOSIT) for account 4c72b080: [abfcae33]: Deposit successful
[SUCCESS] Transaction bd4074e4 (DEPOSIT) for account 4c72b080: [bd4074e4]: Deposit successful
[SUCCESS] Transaction 2bb84a5c (DEPOSIT) for account 4c72b080: [2bb84a5c]: Deposit successful
[SUCCESS] Transaction 4d108bc1 (DEPOSIT) for account 4c72b080: [4d108bc1]: Deposit successful
[SUCCESS] Transaction b1c49e0e (DEPOSIT) for account 4c72b080: [b1c49e0e]: Deposit successful
[SUCCESS] Transaction b2c1d133 (DEPOSIT) for account 4c72b080: [b2c1d133]: Deposit successful
[SUCCESS] Transaction dd80f6fb (DEPOSIT) for account 4c72b080: [dd80f6fb]: Deposit successful
[SUCCESS] Transaction 52883849 (DEPOSIT) for account 4c72b080: [52883849]: Deposit successful
[SUCCESS] Transaction 95113460 (DEPOSIT) for account 4c72b080: [95113460]: Deposit successful
[SUCCESS] Transaction d8651728 (DEPOSIT) for account 4c72b080: [d8651728]: Deposit successful
[SUCCESS] Transaction d46112a7 (DEPOSIT) for account 4c72b080: [d46112a7]: Deposit successful
[SUCCESS] Transaction a591c7ca (DEPOSIT) for account 4c72b080: [a591c7ca]: Deposit successful
[SUCCESS] Transaction fdf5f747 (DEPOSIT) for account 4c72b080: [fdf5f747]: Deposit successful
[SUCCESS] Transaction 3a36979a (DEPOSIT) for account 4c72b080: [3a36979a]: Deposit successful
[SUCCESS] Transaction cc68fa33 (DEPOSIT) for account 4c72b080: [cc68fa33]: Deposit successful
[SUCCESS] Transaction 0bcb7c5c (DEPOSIT) for account 4c72b080: [0bcb7c5c]: Deposit successful
[SUCCESS] Transaction 755d8f91 (DEPOSIT) for account 4c72b080: [755d8f91]: Deposit successful
[SUCCESS] Transaction f2235e7b (DEPOSIT) for account 4c72b080: [f2235e7b]: Deposit successful
[SUCCESS] Transaction c4bddbbe (DEPOSIT) for account 4c72b080: [c4bddbbe]: Deposit successful
[SUCCESS] Transaction 995dbc8d (DEPOSIT) for account 4c72b080: [995dbc8d]: Deposit successful
[SUCCESS] Transaction e6a35923 (DEPOSIT) for account 4c72b080: [e6a35923]: Deposit successful
[SUCCESS] Transaction 8fbfd723 (DEPOSIT) for account 4c72b080: [8fbfd723]: Deposit successful
[SUCCESS] Transaction c2d734b2 (DEPOSIT) for account 4c72b080: [c2d734b2]: Deposit successful
[SUCCESS] Transaction aa2a795d (DEPOSIT) for account 4c72b080: [aa2a795d]: Deposit successful
[SUCCESS] Transaction df08b222 (DEPOSIT) for account 4c72b080: [df08b222]: Deposit successful
[SUCCESS] Transaction f7a741c3 (DEPOSIT) for account 4c72b080: [f7a741c3]: Deposit successful
[SUCCESS] Transaction d0bf8df8 (DEPOSIT) for account 4c72b080: [d0bf8df8]: Deposit successful
[SUCCESS] Transaction 448ad1ce (DEPOSIT) for account 4c72b080: [448ad1ce]: Deposit successful
[SUCCESS] Transaction 08d84db2 (DEPOSIT) for account 4c72b080: [08d84db2]: Deposit successful
[SUCCESS] Transaction d0435cd5 (DEPOSIT) for account 4c72b080: [d0435cd5]: Deposit successful
[SUCCESS] Transaction b351b1e7 (DEPOSIT) for account 4c72b080: [b351b1e7]: Deposit successful
[SUCCESS] Transaction e3143504 (DEPOSIT) for account 4c72b080: [e3143504]: Deposit successful
[SUCCESS] Transaction f86d54d6 (DEPOSIT) for account 4c72b080: [f86d54d6]: Deposit successful
[SUCCESS] Transaction 1fd55ced (DEPOSIT) for account 4c72b080: [1fd55ced]: Deposit successful
[SUCCESS] Transaction 3b4da01d (DEPOSIT) for account 4c72b080: [3b4da01d]: Deposit successful
[SUCCESS] Transaction 57ce1322 (DEPOSIT) for account 4c72b080: [57ce1322]: Deposit successful
[SUCCESS] Transaction 32049c29 (DEPOSIT) for account 4c72b080: [32049c29]: Deposit successful
[SUCCESS] Transaction d3cb8d2c (DEPOSIT) for account 4c72b080: [d3cb8d2c]: Deposit successful
[SUCCESS] Transaction e39f2e87 (DEPOSIT) for account 4c72b080: [e39f2e87]: Deposit successful
[SUCCESS] Transaction c34a1bf9 (DEPOSIT) for account 4c72b080: [c34a1bf9]: Deposit successful
[SUCCESS] Transaction 930f2cbe (DEPOSIT) for account 4c72b080: [930f2cbe]: Deposit successful
[SUCCESS] Transaction 568ed6b4 (DEPOSIT) for account 4c72b080: [568ed6b4]: Deposit successful
[SUCCESS] Transaction bb88c184 (DEPOSIT) for account 4c72b080: [bb88c184]: Deposit successful
[SUCCESS] Transaction d8873307 (DEPOSIT) for account 4c72b080: [d8873307]: Deposit successful
[SUCCESS] Transaction c1e743a4 (DEPOSIT) for account 4c72b080: [c1e743a4]: Deposit successful
[SUCCESS] Transaction 42ce1867 (DEPOSIT) for account 4c72b080: [42ce1867]: Deposit successful
[SUCCESS] Transaction 56e2d336 (DEPOSIT) for account 4c72b080: [56e2d336]: Deposit successful
[SUCCESS] Transaction 66569271 (DEPOSIT) for account 4c72b080: [66569271]: Deposit successful
[SUCCESS] Transaction d16a98c4 (DEPOSIT) for account 4c72b080: [d16a98c4]: Deposit successful
[SUCCESS] Transaction 0fb8380d (DEPOSIT) for account 4c72b080: [0fb8380d]: Deposit successful
[SUCCESS] Transaction aa5db3a5 (DEPOSIT) for account 4c72b080: [aa5db3a5]: Deposit successful
[SUCCESS] Transaction b70c55a9 (DEPOSIT) for account 4c72b080: [b70c55a9]: Deposit successful
[SUCCESS] Transaction e4bc96b8 (DEPOSIT) for account 4c72b080: [e4bc96b8]: Deposit successful
[SUCCESS] Transaction 575f1a7b (DEPOSIT) for account 4c72b080: [575f1a7b]: Deposit successful
[SUCCESS] Transaction 1fdfe8ed (DEPOSIT) for account 4c72b080: [1fdfe8ed]: Deposit successful
[SUCCESS] Transaction 3102245c (DEPOSIT) for account 4c72b080: [3102245c]: Deposit successful
[SUCCESS] Transaction 0c28ba7c (DEPOSIT) for account 4c72b080: [0c28ba7c]: Deposit successful
[SUCCESS] Transaction 0080ea48 (DEPOSIT) for account 4c72b080: [0080ea48]: Deposit successful
[SUCCESS] Transaction 8cdf7e49 (DEPOSIT) for account 4c72b080: [8cdf7e49]: Deposit successful
[SUCCESS] Transaction 261e2cd0 (DEPOSIT) for account 4c72b080: [261e2cd0]: Deposit successful
[SUCCESS] Transaction fc62a939 (DEPOSIT) for account 4c72b080: [fc62a939]: Deposit successful
[SUCCESS] Transaction 04c2f868 (DEPOSIT) for account 4c72b080: [04c2f868]: Deposit successful
[SUCCESS] Transaction 8c388aaf (DEPOSIT) for account 4c72b080: [8c388aaf]: Deposit successful
[SUCCESS] Transaction dc91171c (DEPOSIT) for account 4c72b080: [dc91171c]: Deposit successful
[SUCCESS] Transaction 306751a4 (DEPOSIT) for account 4c72b080: [306751a4]: Deposit successful
[SUCCESS] Transaction 78be36c7 (DEPOSIT) for account 4c72b080: [78be36c7]: Deposit successful
[SUCCESS] Transaction daf029d3 (DEPOSIT) for account 4c72b080: [daf029d3]: Deposit successful
[SUCCESS] Transaction a075d4a0 (DEPOSIT) for account 4c72b080: [a075d4a0]: Deposit successful
[SUCCESS] Transaction 92c2712e (DEPOSIT) for account 4c72b080: [92c2712e]: Deposit successful
[SUCCESS] Transaction e64a9af8 (DEPOSIT) for account 4c72b080: [e64a9af8]: Deposit successful
[SUCCESS] Transaction f9bc42ba (DEPOSIT) for account 4c72b080: [f9bc42ba]: Deposit successful
[SUCCESS] Transaction b1ef0f83 (DEPOSIT) for account 4c72b080: [b1ef0f83]: Deposit successful
[SUCCESS] Transaction c7b62a23 (DEPOSIT) for account 4c72b080: [c7b62a23]: Deposit successful
[SUCCESS] Transaction c3fd9124 (DEPOSIT) for account 4c72b080: [c3fd9124]: Deposit successful
[SUCCESS] Transaction dd27d57c (DEPOSIT) for account 4c72b080: [dd27d57c]: Deposit successful
[SUCCESS] Transaction 00c6ff3c (DEPOSIT) for account 4c72b080: [00c6ff3c]: Deposit successful
[SUCCESS] Transaction 7e8d8cf8 (DEPOSIT) for account 4c72b080: [7e8d8cf8]: Deposit successful
[SUCCESS] Transaction cd43c549 (DEPOSIT) for account 4c72b080: [cd43c549]: Deposit successful
[SUCCESS] Transaction f5119d39 (DEPOSIT) for account 4c72b080: [f5119d39]: Deposit successful
[SUCCESS] Transaction 3ae05fdd (DEPOSIT) for account 4c72b080: [3ae05fdd]: Deposit successful
[SUCCESS] Transaction 45cfe37c (DEPOSIT) for account 4c72b080: [45cfe37c]: Deposit successful
[SUCCESS] Transaction 9a21e10e (DEPOSIT) for account 4c72b080: [9a21e10e]: Deposit successful
[SUCCESS] Transaction 3a3cc72b (DEPOSIT) for account 4c72b080: [3a3cc72b]: Deposit successful
[SUCCESS] Transaction c73f45bd (DEPOSIT) for account 4c72b080: [c73f45bd]: Deposit successful
[SUCCESS] Transaction 441d7372 (DEPOSIT) for account 4c72b080: [441d7372]: Deposit successful
[SUCCESS] Transaction d9d02048 (DEPOSIT) for account 4c72b080: [d9d02048]: Deposit successful
[SUCCESS] Transaction fb953c51 (DEPOSIT) for account 4c72b080: [fb953c51]: Deposit successful
[SUCCESS] Transaction 4f865493 (DEPOSIT) for account 4c72b080: [4f865493]: Deposit successful
[SUCCESS] Transaction 2936a19d (DEPOSIT) for account 4c72b080: [2936a19d]: Deposit successful
[SUCCESS] Transaction d5cdc97e (DEPOSIT) for account 4c72b080: [d5cdc97e]: Deposit successful
[SUCCESS] Transaction 48232e00 (DEPOSIT) for account 4c72b080: [48232e00]: Deposit successful
[SUCCESS] Transaction fd3eda7e (DEPOSIT) for account 4c72b080: [fd3eda7e]: Deposit successful
[SUCCESS] Transaction 8643c091 (DEPOSIT) for account 4c72b080: [8643c091]: Deposit successful
[SUCCESS] Transaction e22da9fd (DEPOSIT) for account 4c72b080: [e22da9fd]: Deposit successful
[SUCCESS] Transaction 5c09df89 (DEPOSIT) for account 4c72b080: [5c09df89]: Deposit successful
[SUCCESS] Transaction 636131e6 (DEPOSIT) for account 4c72b080: [636131e6]: Deposit successful
[SUCCESS] Transaction 3512ace2 (DEPOSIT) for account 4c72b080: [3512ace2]: Deposit successful
[SUCCESS] Transaction b97403f7 (DEPOSIT) for account 4c72b080: [b97403f7]: Deposit successful
[SUCCESS] Transaction 51904241 (DEPOSIT) for account 4c72b080: [51904241]: Deposit successful
[SUCCESS] Transaction 2b108874 (DEPOSIT) for account 4c72b080: [2b108874]: Deposit successful
[SUCCESS] Transaction d46cafbe (DEPOSIT) for account 4c72b080: [d46cafbe]: Deposit successful
[SUCCESS] Transaction 07edf723 (DEPOSIT) for account 4c72b080: [07edf723]: Deposit successful
[SUCCESS] Transaction d9079a12 (DEPOSIT) for account 4c72b080: [d9079a12]: Deposit successful
[SUCCESS] Transaction 9b468da5 (DEPOSIT) for account 4c72b080: [9b468da5]: Deposit successful
[SUCCESS] Transaction 9a21a785 (DEPOSIT) for account 4c72b080: [9a21a785]: Deposit successful
[SUCCESS] Transaction 1bebbbcb (DEPOSIT) for account 4c72b080: [1bebbbcb]: Deposit successful
[SUCCESS] Transaction aa2a5c3f (DEPOSIT) for account 4c72b080: [aa2a5c3f]: Deposit successful
[SUCCESS] Transaction 7a036f66 (DEPOSIT) for account 4c72b080: [7a036f66]: Deposit successful
[SUCCESS] Transaction 4382cf4e (DEPOSIT) for account 4c72b080: [4382cf4e]: Deposit successful
[SUCCESS] Transaction 1b3fc653 (DEPOSIT) for account 4c72b080: [1b3fc653]: Deposit successful
[SUCCESS] Transaction faa461ba (DEPOSIT) for account 4c72b080: [faa461ba]: Deposit successful
[SUCCESS] Transaction 407f5a55 (DEPOSIT) for account 4c72b080: [407f5a55]: Deposit successful
[SUCCESS] Transaction 64d997c3 (DEPOSIT) for account 4c72b080: [64d997c3]: Deposit successful
[SUCCESS] Transaction 4a7aef6c (DEPOSIT) for account 4c72b080: [4a7aef6c]: Deposit successful
[SUCCESS] Transaction d91987e2 (DEPOSIT) for account 4c72b080: [d91987e2]: Deposit successful
[SUCCESS] Transaction 93dcf065 (DEPOSIT) for account 4c72b080: [93dcf065]: Deposit successful
[SUCCESS] Transaction f70aa8fb (DEPOSIT) for account 4c72b080: [f70aa8fb]: Deposit successful
[SUCCESS] Transaction c543ecf1 (DEPOSIT) for account 4c72b080: [c543ecf1]: Deposit successful
[SUCCESS] Transaction 720d3f38 (DEPOSIT) for account 4c72b080: [720d3f38]: Deposit successful
[SUCCESS] Transaction 176d9c35 (DEPOSIT) for account 4c72b080: [176d9c35]: Deposit successful
[SUCCESS] Transaction ac50b8b4 (DEPOSIT) for account 4c72b080: [ac50b8b4]: Deposit successful
[SUCCESS] Transaction 0fae3a2e (DEPOSIT) for account 4c72b080: [0fae3a2e]: Deposit successful
[SUCCESS] Transaction 4d66882a (DEPOSIT) for account 4c72b080: [4d66882a]: Deposit successful
[SUCCESS] Transaction a3976985 (DEPOSIT) for account 4c72b080: [a3976985]: Deposit successful
[SUCCESS] Transaction 155175c0 (DEPOSIT) for account 4c72b080: [155175c0]: Deposit successful
[SUCCESS] Transaction f8bcd535 (DEPOSIT) for account 4c72b080: [f8bcd535]: Deposit successful
[SUCCESS] Transaction 63708cab (DEPOSIT) for account 4c72b080: [63708cab]: Deposit successful
[SUCCESS] Transaction 05aa111f (DEPOSIT) for account 4c72b080: [05aa111f]: Deposit successful
[SUCCESS] Transaction 5ed9e1af (DEPOSIT) for account 4c72b080: [5ed9e1af]: Deposit successful
[SUCCESS] Transaction b6a67f28 (DEPOSIT) for account 4c72b080: [b6a67f28]: Deposit successful
[SUCCESS] Transaction 3fcda94a (DEPOSIT) for account 4c72b080: [3fcda94a]: Deposit successful
[SUCCESS] Transaction aaaf3daa (DEPOSIT) for account 4c72b080: [aaaf3daa]: Deposit successful
[SUCCESS] Transaction 3ddda88b (DEPOSIT) for account 4c72b080: [3ddda88b]: Deposit successful
[SUCCESS] Transaction 7c8bcea3 (DEPOSIT) for account 4c72b080: [7c8bcea3]: Deposit successful
[SUCCESS] Transaction 9a37c68b (DEPOSIT) for account 4c72b080: [9a37c68b]: Deposit successful
[SUCCESS] Transaction 1611fb83 (DEPOSIT) for account 4c72b080: [1611fb83]: Deposit successful
[SUCCESS] Transaction 4eaba521 (DEPOSIT) for account 4c72b080: [4eaba521]: Deposit successful
[SUCCESS] Transaction a5ceadb9 (DEPOSIT) for account 4c72b080: [a5ceadb9]: Deposit successful
[SUCCESS] Transaction dc535fbf (DEPOSIT) for account 4c72b080: [dc535fbf]: Deposit successful
[SUCCESS] Transaction 52fffd35 (DEPOSIT) for account 4c72b080: [52fffd35]: Deposit successful
[SUCCESS] Transaction 70844833 (DEPOSIT) for account 4c72b080: [70844833]: Deposit successful
[SUCCESS] Transaction 16ca4f62 (DEPOSIT) for account 4c72b080: [16ca4f62]: Deposit successful
[SUCCESS] Transaction 43434c6f (DEPOSIT) for account 4c72b080: [43434c6f]: Deposit successful
[SUCCESS] Transaction 27c59030 (DEPOSIT) for account 4c72b080: [27c59030]: Deposit successful
[SUCCESS] Transaction 94ea7d96 (DEPOSIT) for account 4c72b080: [94ea7d96]: Deposit successful
[SUCCESS] Transaction ccd96a5c (DEPOSIT) for account 4c72b080: [ccd96a5c]: Deposit successful
[SUCCESS] Transaction a26679fa (DEPOSIT) for account 4c72b080: [a26679fa]: Deposit successful
[SUCCESS] Transaction ee357835 (DEPOSIT) for account 4c72b080: [ee357835]: Deposit successful
[SUCCESS] Transaction f641fa11 (DEPOSIT) for account 4c72b080: [f641fa11]: Deposit successful
[SUCCESS] Transaction 35b9f2a2 (DEPOSIT) for account 4c72b080: [35b9f2a2]: Deposit successful
[SUCCESS] Transaction 3ad8cee2 (DEPOSIT) for account 4c72b080: [3ad8cee2]: Deposit successful
[SUCCESS] Transaction 1f7a0523 (DEPOSIT) for account 4c72b080: [1f7a0523]: Deposit successful
[SUCCESS] Transaction ed1237ed (DEPOSIT) for account 4c72b080: [ed1237ed]: Deposit successful
[SUCCESS] Transaction 7da83dbb (DEPOSIT) for account 4c72b080: [7da83dbb]: Deposit successful
[SUCCESS] Transaction 16a5b74f (DEPOSIT) for account 4c72b080: [16a5b74f]: Deposit successful
[SUCCESS] Transaction fe02ef91 (DEPOSIT) for account 4c72b080: [fe02ef91]: Deposit successful
[SUCCESS] Transaction 27748a6b (DEPOSIT) for account 4c72b080: [27748a6b]: Deposit successful
[SUCCESS] Transaction 149360cf (DEPOSIT) for account 4c72b080: [149360cf]: Deposit successful
[SUCCESS] Transaction 9a14dd17 (DEPOSIT) for account 4c72b080: [9a14dd17]: Deposit successful
[SUCCESS] Transaction 0e4e4a5e (DEPOSIT) for account 4c72b080: [0e4e4a5e]: Deposit successful
[SUCCESS] Transaction 3306e8c2 (DEPOSIT) for account 4c72b080: [3306e8c2]: Deposit successful
[SUCCESS] Transaction 4e77149d (DEPOSIT) for account 4c72b080: [4e77149d]: Deposit successful
[SUCCESS] Transaction 25c2e9b8 (DEPOSIT) for account 4c72b080: [25c2e9b8]: Deposit successful
[SUCCESS] Transaction 0e15e280 (DEPOSIT) for account 4c72b080: [0e15e280]: Deposit successful
[SUCCESS] Transaction 434fb4af (DEPOSIT) for account 4c72b080: [434fb4af]: Deposit successful
[SUCCESS] Transaction f45eeea8 (DEPOSIT) for account 4c72b080: [f45eeea8]: Deposit successful
[SUCCESS] Transaction 813f6f4f (DEPOSIT) for account 4c72b080: [813f6f4f]: Deposit successful
[SUCCESS] Transaction 7196a09a (DEPOSIT) for account 4c72b080: [7196a09a]: Deposit successful
[SUCCESS] Transaction aade0618 (DEPOSIT) for account 4c72b080: [aade0618]: Deposit successful
[SUCCESS] Transaction 6c313008 (DEPOSIT) for account 4c72b080: [6c313008]: Deposit successful
[SUCCESS] Transaction fb45ba5e (DEPOSIT) for account 4c72b080: [fb45ba5e]: Deposit successful
[SUCCESS] Transaction d0c4d067 (DEPOSIT) for account 4c72b080: [d0c4d067]: Deposit successful
[SUCCESS] Transaction d85d43e4 (DEPOSIT) for account 4c72b080: [d85d43e4]: Deposit successful
[...]
[SUCCESS] Transaction 9093e427 (WITHDRAW) for account 3a1c371a: [9093e427]: Withdrawal successful
[SUCCESS] Transaction 3694d7da (WITHDRAW) for account 3a1c371a: [3694d7da]: Withdrawal successful
[SUCCESS] Transaction 10a874e0 (WITHDRAW) for account 3a1c371a: [10a874e0]: Withdrawal successful
[SUCCESS] Transaction b55194b8 (WITHDRAW) for account 3a1c371a: [b55194b8]: Withdrawal successful
[SUCCESS] Transaction 4107d99d (WITHDRAW) for account 3a1c371a: [4107d99d]: Withdrawal successful
[SUCCESS] Transaction 6f6a8581 (WITHDRAW) for account 3a1c371a: [6f6a8581]: Withdrawal successful
[SUCCESS] Transaction ed994758 (WITHDRAW) for account 3a1c371a: [ed994758]: Withdrawal successful
[SUCCESS] Transaction adfbb197 (WITHDRAW) for account 3a1c371a: [adfbb197]: Withdrawal successful
[SUCCESS] Transaction 30b2adfe (WITHDRAW) for account 3a1c371a: [30b2adfe]: Withdrawal successful
[SUCCESS] Transaction d340f919 (WITHDRAW) for account 3a1c371a: [d340f919]: Withdrawal successful
[SUCCESS] Transaction 51e29d05 (WITHDRAW) for account 3a1c371a: [51e29d05]: Withdrawal successful
[SUCCESS] Transaction bc66235b (WITHDRAW) for account 3a1c371a: [bc66235b]: Withdrawal successful
[SUCCESS] Transaction 7f6b7169 (WITHDRAW) for account 3a1c371a: [7f6b7169]: Withdrawal successful
[SUCCESS] Transaction f7b50b80 (WITHDRAW) for account 3a1c371a: [f7b50b80]: Withdrawal successful
[SUCCESS] Transaction ddc0908d (WITHDRAW) for account 3a1c371a: [ddc0908d]: Withdrawal successful
[SUCCESS] Transaction 80e0a77b (WITHDRAW) for account 3a1c371a: [80e0a77b]: Withdrawal successful
[SUCCESS] Transaction 5b32786e (WITHDRAW) for account 3a1c371a: [5b32786e]: Withdrawal successful
[SUCCESS] Transaction 753841a0 (WITHDRAW) for account 3a1c371a: [753841a0]: Withdrawal successful
[SUCCESS] Transaction 8cd0b817 (WITHDRAW) for account 3a1c371a: [8cd0b817]: Withdrawal successful
[SUCCESS] Transaction 8a035ad2 (WITHDRAW) for account 3a1c371a: [8a035ad2]: Withdrawal successful
[SUCCESS] Transaction 19b906a1 (WITHDRAW) for account 3a1c371a: [19b906a1]: Withdrawal successful
[SUCCESS] Transaction afd396e5 (WITHDRAW) for account 3a1c371a: [afd396e5]: Withdrawal successful
[SUCCESS] Transaction 216bf8ad (WITHDRAW) for account 3a1c371a: [216bf8ad]: Withdrawal successful
[SUCCESS] Transaction 70126b9a (WITHDRAW) for account 3a1c371a: [70126b9a]: Withdrawal successful
[SUCCESS] Transaction f5e8a404 (WITHDRAW) for account 3a1c371a: [f5e8a404]: Withdrawal successful
[SUCCESS] Transaction 172d4b0b (WITHDRAW) for account 3a1c371a: [172d4b0b]: Withdrawal successful
[SUCCESS] Transaction b633a106 (WITHDRAW) for account 3a1c371a: [b633a106]: Withdrawal successful
[SUCCESS] Transaction e5f17636 (WITHDRAW) for account 3a1c371a: [e5f17636]: Withdrawal successful
[SUCCESS] Transaction 9d491387 (WITHDRAW) for account 3a1c371a: [9d491387]: Withdrawal successful
[SUCCESS] Transaction 8398458a (WITHDRAW) for account 3a1c371a: [8398458a]: Withdrawal successful
[SUCCESS] Transaction d2ea8b66 (WITHDRAW) for account 3a1c371a: [d2ea8b66]: Withdrawal successful
[SUCCESS] Transaction fb8752e5 (WITHDRAW) for account 3a1c371a: [fb8752e5]: Withdrawal successful
[SUCCESS] Transaction 3a1502f2 (WITHDRAW) for account 3a1c371a: [3a1502f2]: Withdrawal successful
[SUCCESS] Transaction 3218a9b0 (WITHDRAW) for account 3a1c371a: [3218a9b0]: Withdrawal successful
[SUCCESS] Transaction 8957bb2c (WITHDRAW) for account 3a1c371a: [8957bb2c]: Withdrawal successful
[SUCCESS] Transaction 163eba12 (WITHDRAW) for account 3a1c371a: [163eba12]: Withdrawal successful
[SUCCESS] Transaction 6dd23bd9 (WITHDRAW) for account 3a1c371a: [6dd23bd9]: Withdrawal successful
[SUCCESS] Transaction e08f061b (WITHDRAW) for account 3a1c371a: [e08f061b]: Withdrawal successful
[SUCCESS] Transaction bd573205 (WITHDRAW) for account 3a1c371a: [bd573205]: Withdrawal successful
[SUCCESS] Transaction 165ab8e9 (WITHDRAW) for account 3a1c371a: [165ab8e9]: Withdrawal successful
[SUCCESS] Transaction be19fc71 (WITHDRAW) for account 3a1c371a: [be19fc71]: Withdrawal successful
[SUCCESS] Transaction 11fb9b26 (WITHDRAW) for account 3a1c371a: [11fb9b26]: Withdrawal successful
[SUCCESS] Transaction a2bb754b (WITHDRAW) for account 3a1c371a: [a2bb754b]: Withdrawal successful
[SUCCESS] Transaction b83e4324 (WITHDRAW) for account 3a1c371a: [b83e4324]: Withdrawal successful
[SUCCESS] Transaction 1d46b69d (WITHDRAW) for account 3a1c371a: [1d46b69d]: Withdrawal successful
[SUCCESS] Transaction 3f2096a4 (WITHDRAW) for account 3a1c371a: [3f2096a4]: Withdrawal successful
[SUCCESS] Transaction 590c2dfd (WITHDRAW) for account 3a1c371a: [590c2dfd]: Withdrawal successful
[SUCCESS] Transaction f417c478 (WITHDRAW) for account 3a1c371a: [f417c478]: Withdrawal successful
[SUCCESS] Transaction 670d941b (WITHDRAW) for account 3a1c371a: [670d941b]: Withdrawal successful
[SUCCESS] Transaction 408ad8a0 (WITHDRAW) for account 3a1c371a: [408ad8a0]: Withdrawal successful
[SUCCESS] Transaction e2e0f334 (WITHDRAW) for account 3a1c371a: [e2e0f334]: Withdrawal successful
[SUCCESS] Transaction a8523784 (WITHDRAW) for account 3a1c371a: [a8523784]: Withdrawal successful
[SUCCESS] Transaction 39ca3f25 (WITHDRAW) for account 3a1c371a: [39ca3f25]: Withdrawal successful
[SUCCESS] Transaction 903b1d59 (WITHDRAW) for account 3a1c371a: [903b1d59]: Withdrawal successful
[SUCCESS] Transaction d921f0ab (WITHDRAW) for account 3a1c371a: [d921f0ab]: Withdrawal successful
[SUCCESS] Transaction 3847126c (WITHDRAW) for account 3a1c371a: [3847126c]: Withdrawal successful
[SUCCESS] Transaction 1848e770 (WITHDRAW) for account 3a1c371a: [1848e770]: Withdrawal successful
[SUCCESS] Transaction 897d7411 (WITHDRAW) for account 3a1c371a: [897d7411]: Withdrawal successful
[SUCCESS] Transaction b9855319 (WITHDRAW) for account 3a1c371a: [b9855319]: Withdrawal successful
[SUCCESS] Transaction 1228b7c5 (WITHDRAW) for account 3a1c371a: [1228b7c5]: Withdrawal successful
[SUCCESS] Transaction 35f69816 (WITHDRAW) for account 3a1c371a: [35f69816]: Withdrawal successful
[SUCCESS] Transaction 87f9f24c (WITHDRAW) for account 3a1c371a: [87f9f24c]: Withdrawal successful
[SUCCESS] Transaction 0a4fe3ff (WITHDRAW) for account 3a1c371a: [0a4fe3ff]: Withdrawal successful
[SUCCESS] Transaction cfd52649 (WITHDRAW) for account 3a1c371a: [cfd52649]: Withdrawal successful
[SUCCESS] Transaction 0e1513aa (WITHDRAW) for account 3a1c371a: [0e1513aa]: Withdrawal successful
[SUCCESS] Transaction 5d1e5e4f (WITHDRAW) for account 3a1c371a: [5d1e5e4f]: Withdrawal successful
[SUCCESS] Transaction 657d48ab (WITHDRAW) for account 3a1c371a: [657d48ab]: Withdrawal successful
[SUCCESS] Transaction 270febda (WITHDRAW) for account 3a1c371a: [270febda]: Withdrawal successful
[SUCCESS] Transaction 1d645f78 (WITHDRAW) for account 3a1c371a: [1d645f78]: Withdrawal successful
[SUCCESS] Transaction 88cccf7f (WITHDRAW) for account 3a1c371a: [88cccf7f]: Withdrawal successful
[SUCCESS] Transaction ccecdc43 (WITHDRAW) for account 3a1c371a: [ccecdc43]: Withdrawal successful
[SUCCESS] Transaction 2b54a47b (WITHDRAW) for account 3a1c371a: [2b54a47b]: Withdrawal successful
[SUCCESS] Transaction 1c641b10 (WITHDRAW) for account 3a1c371a: [1c641b10]: Withdrawal successful
[SUCCESS] Transaction 86260d3a (WITHDRAW) for account 3a1c371a: [86260d3a]: Withdrawal successful
[SUCCESS] Transaction 92e3d7b5 (WITHDRAW) for account 3a1c371a: [92e3d7b5]: Withdrawal successful
[SUCCESS] Transaction 5396d142 (WITHDRAW) for account 3a1c371a: [5396d142]: Withdrawal successful
[SUCCESS] Transaction e458bde8 (WITHDRAW) for account 3a1c371a: [e458bde8]: Withdrawal successful
[SUCCESS] Transaction 54ab7e8d (WITHDRAW) for account 3a1c371a: [54ab7e8d]: Withdrawal successful
[SUCCESS] Transaction f1d8d1e0 (WITHDRAW) for account 3a1c371a: [f1d8d1e0]: Withdrawal successful
[SUCCESS] Transaction 57020fbd (WITHDRAW) for account 3a1c371a: [57020fbd]: Withdrawal successful
[SUCCESS] Transaction 4b3908ab (WITHDRAW) for account 3a1c371a: [4b3908ab]: Withdrawal successful
[SUCCESS] Transaction 1f4532ff (WITHDRAW) for account 3a1c371a: [1f4532ff]: Withdrawal successful
[SUCCESS] Transaction 6e246c10 (WITHDRAW) for account 3a1c371a: [6e246c10]: Withdrawal successful
[SUCCESS] Transaction 9ebfe0b7 (WITHDRAW) for account 3a1c371a: [9ebfe0b7]: Withdrawal successful
[SUCCESS] Transaction e2eaf157 (WITHDRAW) for account 3a1c371a: [e2eaf157]: Withdrawal successful
[SUCCESS] Transaction e79c3241 (WITHDRAW) for account 3a1c371a: [e79c3241]: Withdrawal successful
[SUCCESS] Transaction 48666095 (WITHDRAW) for account 3a1c371a: [48666095]: Withdrawal successful
[SUCCESS] Transaction c972ddec (WITHDRAW) for account 3a1c371a: [c972ddec]: Withdrawal successful
[SUCCESS] Transaction fdfe75c5 (WITHDRAW) for account 3a1c371a: [fdfe75c5]: Withdrawal successful
[SUCCESS] Transaction 3cf37fe5 (WITHDRAW) for account 3a1c371a: [3cf37fe5]: Withdrawal successful
[SUCCESS] Transaction 77159b3c (WITHDRAW) for account 3a1c371a: [77159b3c]: Withdrawal successful
[SUCCESS] Transaction 2a5b10da (WITHDRAW) for account 3a1c371a: [2a5b10da]: Withdrawal successful
[SUCCESS] Transaction 2451f1a6 (WITHDRAW) for account 3a1c371a: [2451f1a6]: Withdrawal successful
[SUCCESS] Transaction 477ced19 (WITHDRAW) for account 3a1c371a: [477ced19]: Withdrawal successful
[SUCCESS] Transaction 51f9d3fc (WITHDRAW) for account 3a1c371a: [51f9d3fc]: Withdrawal successful
[SUCCESS] Transaction 38aee9fe (WITHDRAW) for account 3a1c371a: [38aee9fe]: Withdrawal successful
[SUCCESS] Transaction fc054110 (WITHDRAW) for account 3a1c371a: [fc054110]: Withdrawal successful
[SUCCESS] Transaction e4cdbde8 (WITHDRAW) for account 3a1c371a: [e4cdbde8]: Withdrawal successful
[SUCCESS] Transaction e4b39c21 (WITHDRAW) for account 3a1c371a: [e4b39c21]: Withdrawal successful
[SUCCESS] Transaction 87080262 (WITHDRAW) for account 3a1c371a: [87080262]: Withdrawal successful
[SUCCESS] Transaction ad5f344d (WITHDRAW) for account 3a1c371a: [ad5f344d]: Withdrawal successful
[SUCCESS] Transaction 063824e5 (WITHDRAW) for account 3a1c371a: [063824e5]: Withdrawal successful
[SUCCESS] Transaction b3978c4d (WITHDRAW) for account 3a1c371a: [b3978c4d]: Withdrawal successful
[SUCCESS] Transaction ce96c1ec (WITHDRAW) for account 3a1c371a: [ce96c1ec]: Withdrawal successful
[SUCCESS] Transaction 06f032c9 (WITHDRAW) for account 3a1c371a: [06f032c9]: Withdrawal successful
[SUCCESS] Transaction 94394f6d (WITHDRAW) for account 3a1c371a: [94394f6d]: Withdrawal successful
[SUCCESS] Transaction 445b6e5d (WITHDRAW) for account 3a1c371a: [445b6e5d]: Withdrawal successful
[SUCCESS] Transaction 9569da63 (WITHDRAW) for account 3a1c371a: [9569da63]: Withdrawal successful
[SUCCESS] Transaction f01aca38 (WITHDRAW) for account 3a1c371a: [f01aca38]: Withdrawal successful
[SUCCESS] Transaction 4ba1f94f (WITHDRAW) for account 3a1c371a: [4ba1f94f]: Withdrawal successful
[SUCCESS] Transaction d5d17581 (WITHDRAW) for account 3a1c371a: [d5d17581]: Withdrawal successful
[SUCCESS] Transaction f2b08105 (WITHDRAW) for account 3a1c371a: [f2b08105]: Withdrawal successful
[SUCCESS] Transaction 65f9b61e (WITHDRAW) for account 3a1c371a: [65f9b61e]: Withdrawal successful
[SUCCESS] Transaction 8afc1155 (WITHDRAW) for account 3a1c371a: [8afc1155]: Withdrawal successful
[SUCCESS] Transaction fdf68bdd (WITHDRAW) for account 3a1c371a: [fdf68bdd]: Withdrawal successful
[SUCCESS] Transaction 5d9627b7 (WITHDRAW) for account 3a1c371a: [5d9627b7]: Withdrawal successful
[SUCCESS] Transaction e140505c (WITHDRAW) for account 3a1c371a: [e140505c]: Withdrawal successful
[SUCCESS] Transaction d872576c (WITHDRAW) for account 3a1c371a: [d872576c]: Withdrawal successful
[SUCCESS] Transaction 3413efb8 (WITHDRAW) for account 3a1c371a: [3413efb8]: Withdrawal successful
[SUCCESS] Transaction 6ca516db (WITHDRAW) for account 3a1c371a: [6ca516db]: Withdrawal successful
[SUCCESS] Transaction c0a8a522 (WITHDRAW) for account 3a1c371a: [c0a8a522]: Withdrawal successful
[SUCCESS] Transaction 61a42d2c (WITHDRAW) for account 3a1c371a: [61a42d2c]: Withdrawal successful
[SUCCESS] Transaction e129f500 (WITHDRAW) for account 3a1c371a: [e129f500]: Withdrawal successful
[SUCCESS] Transaction cd8edd33 (WITHDRAW) for account 3a1c371a: [cd8edd33]: Withdrawal successful
[SUCCESS] Transaction 265e58c3 (WITHDRAW) for account 3a1c371a: [265e58c3]: Withdrawal successful
[SUCCESS] Transaction 1903519e (WITHDRAW) for account 3a1c371a: [1903519e]: Withdrawal successful
[SUCCESS] Transaction 1d103be8 (WITHDRAW) for account 3a1c371a: [1d103be8]: Withdrawal successful
[SUCCESS] Transaction 36e790c0 (WITHDRAW) for account 3a1c371a: [36e790c0]: Withdrawal successful
[SUCCESS] Transaction d3171429 (WITHDRAW) for account 3a1c371a: [d3171429]: Withdrawal successful
[SUCCESS] Transaction a65296af (WITHDRAW) for account 3a1c371a: [a65296af]: Withdrawal successful
[SUCCESS] Transaction 23f234ce (WITHDRAW) for account 3a1c371a: [23f234ce]: Withdrawal successful
[SUCCESS] Transaction 3b3bb3db (WITHDRAW) for account 3a1c371a: [3b3bb3db]: Withdrawal successful
[SUCCESS] Transaction dbfc2fbc (WITHDRAW) for account 3a1c371a: [dbfc2fbc]: Withdrawal successful
[SUCCESS] Transaction 9a1ec213 (WITHDRAW) for account 3a1c371a: [9a1ec213]: Withdrawal successful
[SUCCESS] Transaction 8020ba03 (WITHDRAW) for account 3a1c371a: [8020ba03]: Withdrawal successful
[SUCCESS] Transaction f0970bde (WITHDRAW) for account 3a1c371a: [f0970bde]: Withdrawal successful
[SUCCESS] Transaction 1749f99c (WITHDRAW) for account 3a1c371a: [1749f99c]: Withdrawal successful
[SUCCESS] Transaction dc7c80b8 (WITHDRAW) for account 3a1c371a: [dc7c80b8]: Withdrawal successful
[SUCCESS] Transaction 2bf24ede (WITHDRAW) for account 3a1c371a: [2bf24ede]: Withdrawal successful
[SUCCESS] Transaction db85e489 (WITHDRAW) for account 3a1c371a: [db85e489]: Withdrawal successful
[SUCCESS] Transaction dea9f717 (WITHDRAW) for account 3a1c371a: [dea9f717]: Withdrawal successful
[SUCCESS] Transaction 8c187d88 (WITHDRAW) for account 3a1c371a: [8c187d88]: Withdrawal successful
[SUCCESS] Transaction 49e130e0 (WITHDRAW) for account 3a1c371a: [49e130e0]: Withdrawal successful
[SUCCESS] Transaction b5994410 (WITHDRAW) for account 3a1c371a: [b5994410]: Withdrawal successful
[SUCCESS] Transaction c7bbb091 (WITHDRAW) for account 3a1c371a: [c7bbb091]: Withdrawal successful
[SUCCESS] Transaction c48a142e (WITHDRAW) for account 3a1c371a: [c48a142e]: Withdrawal successful
[SUCCESS] Transaction ba6651c1 (WITHDRAW) for account 3a1c371a: [ba6651c1]: Withdrawal successful
[SUCCESS] Transaction 3021a52e (WITHDRAW) for account 3a1c371a: [3021a52e]: Withdrawal successful
[SUCCESS] Transaction 47400744 (WITHDRAW) for account 3a1c371a: [47400744]: Withdrawal successful
[SUCCESS] Transaction d133c0ab (WITHDRAW) for account 3a1c371a: [d133c0ab]: Withdrawal successful
[SUCCESS] Transaction feb8e248 (WITHDRAW) for account 3a1c371a: [feb8e248]: Withdrawal successful
[SUCCESS] Transaction a2f3763c (WITHDRAW) for account 3a1c371a: [a2f3763c]: Withdrawal successful
[SUCCESS] Transaction aacb1ee1 (WITHDRAW) for account 3a1c371a: [aacb1ee1]: Withdrawal successful
[SUCCESS] Transaction fc25ffb4 (WITHDRAW) for account 3a1c371a: [fc25ffb4]: Withdrawal successful
[SUCCESS] Transaction 4911ec26 (WITHDRAW) for account 3a1c371a: [4911ec26]: Withdrawal successful
[SUCCESS] Transaction 834ecd2c (WITHDRAW) for account 3a1c371a: [834ecd2c]: Withdrawal successful
[SUCCESS] Transaction 910ecd1b (WITHDRAW) for account 3a1c371a: [910ecd1b]: Withdrawal successful
[SUCCESS] Transaction 86d91e46 (WITHDRAW) for account 3a1c371a: [86d91e46]: Withdrawal successful
[SUCCESS] Transaction b0c2a585 (WITHDRAW) for account 3a1c371a: [b0c2a585]: Withdrawal successful
[SUCCESS] Transaction 1670df32 (WITHDRAW) for account 3a1c371a: [1670df32]: Withdrawal successful
[SUCCESS] Transaction 629f34ce (WITHDRAW) for account 3a1c371a: [629f34ce]: Withdrawal successful
[SUCCESS] Transaction 70047ab2 (WITHDRAW) for account 3a1c371a: [70047ab2]: Withdrawal successful
[SUCCESS] Transaction 49d86856 (WITHDRAW) for account 3a1c371a: [49d86856]: Withdrawal successful
[SUCCESS] Transaction e6d28203 (WITHDRAW) for account 3a1c371a: [e6d28203]: Withdrawal successful
[SUCCESS] Transaction 770f62c3 (WITHDRAW) for account 3a1c371a: [770f62c3]: Withdrawal successful
[SUCCESS] Transaction 35264a94 (WITHDRAW) for account 3a1c371a: [35264a94]: Withdrawal successful
[SUCCESS] Transaction 3a12d3d5 (WITHDRAW) for account 3a1c371a: [3a12d3d5]: Withdrawal successful
[SUCCESS] Transaction 4bb7e814 (WITHDRAW) for account 3a1c371a: [4bb7e814]: Withdrawal successful
[SUCCESS] Transaction 179bdf67 (WITHDRAW) for account 3a1c371a: [179bdf67]: Withdrawal successful
[SUCCESS] Transaction 1b01513f (WITHDRAW) for account 3a1c371a: [1b01513f]: Withdrawal successful
[SUCCESS] Transaction 9b2d3e86 (WITHDRAW) for account 3a1c371a: [9b2d3e86]: Withdrawal successful
[SUCCESS] Transaction 962ad538 (WITHDRAW) for account 3a1c371a: [962ad538]: Withdrawal successful
[SUCCESS] Transaction 8eb0b03c (WITHDRAW) for account 3a1c371a: [8eb0b03c]: Withdrawal successful
[SUCCESS] Transaction 14d48300 (WITHDRAW) for account 3a1c371a: [14d48300]: Withdrawal successful
[SUCCESS] Transaction 700657aa (WITHDRAW) for account 3a1c371a: [700657aa]: Withdrawal successful
[SUCCESS] Transaction ecf099e0 (WITHDRAW) for account 3a1c371a: [ecf099e0]: Withdrawal successful
[SUCCESS] Transaction 041a3bd1 (WITHDRAW) for account 3a1c371a: [041a3bd1]: Withdrawal successful
[SUCCESS] Transaction 2cc61005 (WITHDRAW) for account 3a1c371a: [2cc61005]: Withdrawal successful
[SUCCESS] Transaction 3b631152 (WITHDRAW) for account 3a1c371a: [3b631152]: Withdrawal successful
[SUCCESS] Transaction f54936ee (WITHDRAW) for account 3a1c371a: [f54936ee]: Withdrawal successful
[SUCCESS] Transaction 215cf9b6 (WITHDRAW) for account 3a1c371a: [215cf9b6]: Withdrawal successful
[SUCCESS] Transaction 31a7a43c (WITHDRAW) for account 3a1c371a: [31a7a43c]: Withdrawal successful
[SUCCESS] Transaction b9390986 (WITHDRAW) for account 3a1c371a: [b9390986]: Withdrawal successful
[SUCCESS] Transaction bbd331f8 (WITHDRAW) for account 3a1c371a: [bbd331f8]: Withdrawal successful
[SUCCESS] Transaction 0a628325 (WITHDRAW) for account 3a1c371a: [0a628325]: Withdrawal successful
[SUCCESS] Transaction 4d4e4549 (WITHDRAW) for account 3a1c371a: [4d4e4549]: Withdrawal successful
[SUCCESS] Transaction 475711bd (WITHDRAW) for account 3a1c371a: [475711bd]: Withdrawal successful
[SUCCESS] Transaction 4947f287 (WITHDRAW) for account 3a1c371a: [4947f287]: Withdrawal successful
[SUCCESS] Transaction 4a927f2c (WITHDRAW) for account 3a1c371a: [4a927f2c]: Withdrawal successful
[SUCCESS] Transaction e74d959c (WITHDRAW) for account 3a1c371a: [e74d959c]: Withdrawal successful
[SUCCESS] Transaction ccd0c68f (WITHDRAW) for account 3a1c371a: [ccd0c68f]: Withdrawal successful
[SUCCESS] Transaction 2a128766 (WITHDRAW) for account 3a1c371a: [2a128766]: Withdrawal successful
[SUCCESS] Transaction dabab27f (WITHDRAW) for account 3a1c371a: [dabab27f]: Withdrawal successful
[SUCCESS] Transaction 82413f63 (WITHDRAW) for account 3a1c371a: [82413f63]: Withdrawal successful
[SUCCESS] Transaction 266adc5d (WITHDRAW) for account 3a1c371a: [266adc5d]: Withdrawal successful
[SUCCESS] Transaction 708e4e0c (WITHDRAW) for account 3a1c371a: [708e4e0c]: Withdrawal successful
[SUCCESS] Transaction c1de38f2 (WITHDRAW) for account 3a1c371a: [c1de38f2]: Withdrawal successful
[SUCCESS] Transaction 4c5eef05 (WITHDRAW) for account 3a1c371a: [4c5eef05]: Withdrawal successful
[SUCCESS] Transaction 6b577d9b (WITHDRAW) for account 3a1c371a: [6b577d9b]: Withdrawal successful
[SUCCESS] Transaction d01dcd0b (WITHDRAW) for account 3a1c371a: [d01dcd0b]: Withdrawal successful
[SUCCESS] Transaction 32321a41 (WITHDRAW) for account 3a1c371a: [32321a41]: Withdrawal successful
[SUCCESS] Transaction c78ac88e (WITHDRAW) for account 3a1c371a: [c78ac88e]: Withdrawal successful
[SUCCESS] Transaction 50de33a8 (WITHDRAW) for account 3a1c371a: [50de33a8]: Withdrawal successful
]]></system-out>
  </testcase>
</testsuite>